timestamp,mem_total_mb,mem_used_mb,mem_free_mb,mem_available_mb,swap_used_mb,gpu_used_mib,gpu_free_mib,gpu_util_pct
2026-04-17T17:31:18,15748,2978,7622,12770,1889,321,11589,0
2026-04-17T17:31:19,15748,3025,7575,12722,1889,321,11589,0
2026-04-17T17:31:20,15748,3046,7553,12701,1889,321,11589,0
2026-04-17T17:31:21,15748,3053,7547,12694,1889,321,11589,0
2026-04-17T17:31:22,15748,3048,7552,12699,1889,321,11589,0
2026-04-17T17:31:23,15748,3064,7535,12683,1889,321,11589,0
2026-04-17T17:31:24,15748,3079,7521,12668,1889,321,11589,0
2026-04-17T17:31:25,15748,3071,7529,12676,1889,321,11589,0
2026-04-17T17:31:26,15748,3067,7533,12680,1889,321,11589,0
2026-04-17T17:31:27,15748,3071,7528,12676,1889,321,11589,0
2026-04-17T17:31:28,15748,3064,7536,12683,1889,321,11589,0
2026-04-17T17:31:29,15748,3064,7536,12684,1889,321,11589,0
2026-04-17T17:31:30,15748,3068,7532,12679,1889,321,11589,0
2026-04-17T17:31:31,15748,3073,7526,12674,1889,321,11589,0
2026-04-17T17:31:32,15748,3055,7545,12692,1889,321,11589,0
2026-04-17T17:31:33,15748,3363,7236,12382,1889,321,11589,0
2026-04-17T17:31:34,15748,3777,6820,11970,1889,849,11061,0
2026-04-17T17:31:35,15748,5352,5245,10394,1889,1001,10909,0
2026-04-17T17:31:36,15748,5658,4940,10103,1889,1073,10837,0
2026-04-17T17:31:37,15748,5204,5393,10541,1889,2815,9095,0
2026-04-17T17:31:38,15748,5622,4975,10125,1889,2815,9095,0
2026-04-17T17:31:39,15748,7112,3486,8635,1889,2815,9095,0
2026-04-17T17:31:40,15748,8262,2290,7478,1889,2815,9095,0
2026-04-17T17:31:41,15748,10176,247,5565,1889,2815,9095,0
2026-04-17T17:31:42,15748,7953,2526,7794,1970,4689,7221,81
2026-04-17T17:31:44,15748,8151,2328,7596,1970,6223,5687,100
2026-04-17T17:31:45,15748,8166,2312,7581,1970,7195,4715,100
2026-04-17T17:31:46,15748,8325,2152,7422,1970,8507,3403,100
2026-04-17T17:31:47,15748,8374,2104,7372,1970,10055,1855,96
2026-04-17T17:31:48,15748,8430,2048,7317,1970,10055,1855,100
2026-04-17T17:31:49,15748,8542,1936,7205,1970,10387,1523,99
2026-04-17T17:31:50,15748,8587,1891,7160,1970,10387,1523,100
2026-04-17T17:31:51,15748,8721,1757,7026,1970,10395,1515,97
2026-04-17T17:31:52,15748,8724,1754,7022,1970,10395,1515,100
2026-04-17T17:31:53,15748,8850,1628,6897,1970,10403,1507,100
2026-04-17T17:31:54,15748,8870,1608,6877,1970,10405,1505,100
2026-04-17T17:31:55,15748,8984,1494,6763,1970,10411,1499,100
2026-04-17T17:31:56,15748,9054,1424,6692,1970,10743,1167,99
2026-04-17T17:31:57,15748,9115,1363,6632,1970,10743,1167,100
2026-04-17T17:31:58,15748,9280,1198,6467,1970,10771,1139,96
2026-04-17T17:31:59,15748,9314,1164,6433,1970,10771,1139,100
2026-04-17T17:32:00,15748,9358,1120,6389,1970,11095,815,97
2026-04-17T17:32:01,15748,9377,1101,6370,1970,11095,815,100
2026-04-17T17:32:02,15748,9397,1081,6350,1970,11095,815,99
2026-04-17T17:32:03,15748,9413,1065,6334,1970,11095,815,100
2026-04-17T17:32:04,15748,9420,1057,6327,1970,11099,811,100
2026-04-17T17:32:05,15748,9434,1044,6313,1970,11431,479,99
2026-04-17T17:32:06,15748,9419,1059,6328,1970,11451,459,100
2026-04-17T17:32:07,15748,9419,1059,6328,1970,11451,459,100
2026-04-17T17:32:08,15748,9431,1047,6316,1970,11451,459,100
2026-04-17T17:32:09,15748,9424,1054,6323,1970,11451,459,100
2026-04-17T17:32:10,15748,9443,1035,6304,1970,11451,459,100
2026-04-17T17:32:11,15748,9453,1025,6294,1970,11455,455,100
2026-04-17T17:32:12,15748,9460,1018,6287,1970,11463,447,100
2026-04-17T17:32:13,15748,9469,1009,6279,1970,11483,427,100
2026-04-17T17:32:14,15748,9484,994,6263,1970,11483,427,99
2026-04-17T17:32:15,15748,9489,989,6258,1970,11483,427,100
2026-04-17T17:32:16,15748,9475,1003,6272,1970,11483,427,100
2026-04-17T17:32:17,15748,9451,1026,6296,1970,11483,427,100
2026-04-17T17:32:18,15748,9443,1035,6304,1970,11487,423,99
2026-04-17T17:32:19,15748,9453,1025,6297,1970,11487,423,100
2026-04-17T17:32:20,15748,9423,1055,6324,1970,11515,395,100
2026-04-17T17:32:21,15748,9413,1065,6334,1970,11515,395,100
2026-04-17T17:32:22,15748,9406,1072,6341,1970,11515,395,100
2026-04-17T17:32:23,15748,9427,1051,6320,1970,11515,395,100
2026-04-17T17:32:24,15748,9435,1043,6313,1970,11515,395,100
2026-04-17T17:32:25,15748,9414,1064,6333,1970,11519,391,99
2026-04-17T17:32:26,15748,9409,1068,6338,1970,11519,391,100
2026-04-17T17:32:28,15748,9399,1079,6348,1970,11871,39,100
2026-04-17T17:32:29,15748,9399,1079,6348,1970,11871,39,100
2026-04-17T17:32:30,15748,9400,1078,6348,1970,11871,39,100
2026-04-17T17:32:31,15748,9417,1061,6332,1970,11871,39,99
2026-04-17T17:32:32,15748,9411,1067,6336,1970,11871,39,100
2026-04-17T17:32:33,15748,9418,1060,6329,1970,11875,35,100
2026-04-17T17:32:34,15748,9421,1056,6326,1970,11875,35,100
2026-04-17T17:32:35,15748,9425,1053,6322,1970,10931,979,99
2026-04-17T17:32:36,15748,9434,1043,6313,1970,10931,979,100
2026-04-17T17:32:37,15748,9429,1049,6318,1970,11885,25,99
2026-04-17T17:32:38,15748,9427,1051,6320,1970,11887,23,100
2026-04-17T17:32:39,15748,9405,1073,6342,1970,11899,11,100
2026-04-17T17:32:40,15748,9396,1082,6351,1970,11895,15,100
2026-04-17T17:32:41,15748,9407,1071,6340,1970,11901,9,100
2026-04-17T17:32:42,15748,9084,1386,6663,1970,11739,171,100
2026-04-17T17:32:43,15748,3072,7397,12675,1970,321,11589,100
2026-04-17T17:32:44,15748,3090,7379,12657,1970,321,11589,0
2026-04-17T17:32:45,15748,3086,7383,12661,1970,321,11589,0
2026-04-17T17:32:46,15748,3082,7387,12665,1970,321,11589,0
2026-04-17T17:32:47,15748,3098,7371,12649,1970,321,11589,0
2026-04-17T17:32:48,15748,3097,7373,12650,1970,321,11589,0
2026-04-17T17:32:49,15748,3094,7375,12653,1970,321,11589,0
2026-04-17T17:32:50,15748,3075,7394,12672,1970,321,11589,0
2026-04-17T17:32:51,15748,3051,7418,12696,1970,321,11589,0
2026-04-17T17:32:52,15748,3050,7419,12698,1970,321,11589,0
2026-04-17T17:32:53,15748,3038,7431,12709,1970,321,11589,0
2026-04-17T17:32:54,15748,3035,7435,12713,1970,321,11589,0
2026-04-17T17:32:55,15748,3041,7428,12706,1970,321,11589,0
2026-04-17T17:32:57,15748,3038,7431,12710,1970,321,11589,0
2026-04-17T17:32:58,15748,3033,7437,12715,1970,321,11589,0
2026-04-17T17:32:59,15748,3044,7425,12703,1970,321,11589,0
2026-04-17T17:33:00,15748,3048,7421,12699,1970,321,11589,2
2026-04-17T17:33:01,15748,3037,7432,12710,1970,321,11589,0
2026-04-17T17:33:02,15748,3037,7433,12710,1970,321,11589,0
2026-04-17T17:33:03,15748,3033,7436,12714,1970,321,11589,0
2026-04-17T17:33:04,15748,3050,7419,12697,1970,321,11589,0
2026-04-17T17:33:05,15748,3064,7406,12683,1970,321,11589,0
2026-04-17T17:33:06,15748,3060,7409,12687,1970,321,11589,0
2026-04-17T17:33:07,15748,3060,7409,12687,1970,321,11589,0
2026-04-17T17:33:08,15748,3073,7396,12674,1970,321,11589,0
2026-04-17T17:33:09,15748,3053,7416,12694,1970,321,11589,0
2026-04-17T17:33:10,15748,3059,7410,12688,1970,321,11589,0
2026-04-17T17:33:11,15748,3055,7414,12692,1970,321,11589,0
2026-04-17T17:33:12,15748,3031,7438,12716,1970,321,11589,0
2026-04-17T17:33:13,15748,3035,7434,12712,1970,321,11589,0
2026-04-17T17:33:14,15748,3034,7435,12714,1970,321,11589,0
2026-04-17T17:33:15,15748,3042,7427,12706,1970,321,11589,0
2026-04-17T17:33:17,15748,3050,7419,12697,1970,321,11589,0
2026-04-17T17:33:18,15748,3051,7418,12696,1970,321,11589,0
2026-04-17T17:33:19,15748,3054,7415,12693,1970,321,11589,0
2026-04-17T17:33:20,15748,3066,7403,12681,1970,321,11589,0
2026-04-17T17:33:21,15748,3075,7394,12672,1970,321,11589,0
2026-04-17T17:33:22,15748,3067,7402,12680,1970,321,11589,0
2026-04-17T17:33:23,15748,3070,7399,12677,1970,321,11589,0
2026-04-17T17:33:24,15748,3062,7407,12685,1970,321,11589,0
2026-04-17T17:33:25,15748,3076,7393,12671,1970,321,11589,0
2026-04-17T17:33:26,15748,3079,7390,12668,1970,321,11589,0
2026-04-17T17:33:27,15748,3057,7412,12690,1970,321,11589,0
2026-04-17T17:33:28,15748,3067,7402,12680,1970,321,11589,0
2026-04-17T17:33:29,15748,3088,7381,12659,1970,321,11589,0
2026-04-17T17:33:30,15748,3074,7395,12673,1970,321,11589,0
2026-04-17T17:33:31,15748,3076,7393,12672,1970,321,11589,0
2026-04-17T17:33:32,15748,3060,7409,12687,1970,321,11589,0
2026-04-17T17:33:33,15748,3049,7420,12698,1970,321,11589,0
2026-04-17T17:33:34,15748,3041,7428,12706,1970,321,11589,0
2026-04-17T17:33:35,15748,3039,7430,12708,1970,321,11589,0
2026-04-17T17:33:36,15748,3046,7423,12703,1970,321,11589,0
2026-04-17T17:33:38,15748,3048,7421,12699,1970,321,11589,0
2026-04-17T17:33:39,15748,3026,7443,12721,1970,321,11589,0
2026-04-17T17:33:40,15748,3022,7447,12725,1970,321,11589,0
2026-04-17T17:33:41,15748,3014,7455,12733,1970,321,11589,0
2026-04-17T17:33:42,15748,3023,7446,12724,1970,321,11589,0
2026-04-17T17:33:43,15748,3027,7442,12720,1970,321,11589,0
2026-04-17T17:33:44,15748,3031,7438,12716,1970,321,11589,0
2026-04-17T17:33:45,15748,3040,7429,12707,1970,321,11589,0
2026-04-17T17:33:46,15748,3035,7434,12713,1970,321,11589,0
2026-04-17T17:33:47,15748,3032,7437,12715,1970,321,11589,0
2026-04-17T17:33:48,15748,3028,7441,12720,1970,321,11589,0
2026-04-17T17:33:49,15748,3025,7444,12722,1970,321,11589,0
2026-04-17T17:33:50,15748,3027,7442,12720,1970,321,11589,0
2026-04-17T17:33:51,15748,3039,7430,12708,1970,321,11589,0
2026-04-17T17:33:52,15748,3036,7433,12711,1970,321,11589,0
2026-04-17T17:33:53,15748,3044,7425,12703,1970,321,11589,0
2026-04-17T17:33:54,15748,3041,7428,12706,1970,321,11589,0
2026-04-17T17:33:55,15748,3045,7424,12702,1970,321,11589,0
