timestamp,mem_total_mb,mem_used_mb,mem_free_mb,mem_available_mb,swap_used_mb,gpu_used_mib,gpu_free_mib,gpu_util_pct
2026-04-17T15:39:44,15748,3674,7299,12071,1086,321,11589,0
2026-04-17T15:39:45,15748,3820,7152,11927,1086,321,11589,0
2026-04-17T15:39:47,15748,4090,6875,11657,1086,324,11586,0
2026-04-17T15:39:48,15748,5362,5602,10377,1086,1001,10909,0
2026-04-17T15:39:49,15748,6197,4767,9550,1086,1001,10909,0
2026-04-17T15:39:50,15748,5211,5753,10536,1086,2815,9095,0
2026-04-17T15:39:51,15748,6259,4705,9488,1086,2815,9095,0
2026-04-17T15:39:52,15748,7086,3878,8661,1086,2815,9095,0
2026-04-17T15:39:53,15748,8013,2947,7734,1086,2815,9095,0
2026-04-17T15:39:54,15748,9178,1516,6570,1086,2815,9095,0
2026-04-17T15:39:55,15748,9619,701,6127,1086,2815,9095,0
2026-04-17T15:39:56,15748,10260,167,5486,1306,2815,9095,0
2026-04-17T15:39:57,15748,10224,465,5521,1627,3447,8463,70
2026-04-17T15:39:58,15748,7372,3312,8375,1627,5313,6597,92
2026-04-17T15:39:59,15748,7534,3151,8213,1627,6189,5721,100
2026-04-17T15:40:00,15748,7723,2962,8024,1627,6435,5475,100
2026-04-17T15:40:01,15748,7820,2865,7927,1627,6517,5393,95
2026-04-17T15:40:02,15748,7900,2784,7847,1627,6681,5229,96
2026-04-17T15:40:03,15748,8002,2683,7745,1627,6845,5065,99
2026-04-17T15:40:04,15748,8122,2562,7624,1627,6927,4983,100
2026-04-17T15:40:05,15748,8197,2487,7550,1627,7009,4901,100
2026-04-17T15:40:06,15748,8343,2341,7404,1627,7253,4657,100
2026-04-17T15:40:07,15748,8455,2229,7292,1627,7253,4657,100
2026-04-17T15:40:08,15748,8558,2126,7189,1627,7335,4575,100
2026-04-17T15:40:09,15748,8640,2044,7107,1627,7417,4493,93
2026-04-17T15:40:10,15748,8654,2029,7093,1627,7581,4329,99
2026-04-17T15:40:11,15748,8680,2003,7067,1627,7581,4329,99
2026-04-17T15:40:12,15748,8760,1923,6987,1627,7581,4329,100
2026-04-17T15:40:13,15748,8775,1908,6972,1627,7663,4247,100
2026-04-17T15:40:14,15748,8787,1896,6960,1627,7825,4085,100
2026-04-17T15:40:15,15748,8785,1898,6962,1627,7825,4085,100
2026-04-17T15:40:16,15748,8786,1897,6961,1627,7825,4085,97
2026-04-17T15:40:17,15748,8770,1913,6977,1627,7825,4085,99
2026-04-17T15:40:18,15748,8762,1921,6985,1627,7825,4085,99
2026-04-17T15:40:19,15748,8749,1934,6998,1627,7825,4085,100
2026-04-17T15:40:20,15748,8747,1937,7001,1627,7825,4085,100
2026-04-17T15:40:21,15748,8761,1923,6986,1627,7989,3921,100
2026-04-17T15:40:23,15748,8740,1944,7007,1627,7989,3921,100
2026-04-17T15:40:24,15748,8731,1952,7016,1627,7989,3921,98
2026-04-17T15:40:25,15748,8740,1943,7007,1627,7989,3921,99
2026-04-17T15:40:26,15748,8738,1945,7009,1627,7989,3921,99
2026-04-17T15:40:27,15748,8737,1946,7010,1627,7989,3921,100
2026-04-17T15:40:28,15748,8740,1943,7010,1627,7989,3921,100
2026-04-17T15:40:29,15748,8749,1934,6998,1627,8233,3677,100
2026-04-17T15:40:30,15748,8725,1959,7023,1627,8233,3677,100
2026-04-17T15:40:31,15748,8725,1958,7022,1627,8233,3677,98
2026-04-17T15:40:32,15748,8725,1959,7022,1627,8233,3677,98
2026-04-17T15:40:33,15748,8736,1947,7011,1627,8233,3677,99
2026-04-17T15:40:34,15748,8743,1940,7004,1627,8233,3677,100
2026-04-17T15:40:35,15748,8731,1952,7016,1627,8233,3677,100
2026-04-17T15:40:36,15748,8733,1950,7014,1627,8233,3677,100
2026-04-17T15:40:37,15748,8726,1957,7021,1627,8395,3515,100
2026-04-17T15:40:38,15748,8723,1959,7024,1627,8395,3515,98
2026-04-17T15:40:39,15748,8725,1958,7022,1627,8395,3515,99
2026-04-17T15:40:40,15748,8713,1970,7034,1627,8395,3515,99
2026-04-17T15:40:41,15748,8703,1979,7044,1627,8395,3515,100
2026-04-17T15:40:42,15748,8683,1999,7064,1627,8477,3433,100
2026-04-17T15:40:43,15748,8695,1987,7052,1627,8477,3433,100
2026-04-17T15:40:44,15748,8713,1969,7036,1627,8639,3271,100
2026-04-17T15:40:45,15748,8706,1977,7041,1626,8639,3271,98
2026-04-17T15:40:46,15748,8703,1979,7044,1626,8639,3271,99
2026-04-17T15:40:47,15748,8705,1978,7042,1626,8639,3271,99
2026-04-17T15:40:48,15748,8719,1963,7028,1626,8639,3271,100
2026-04-17T15:40:49,15748,8729,1954,7019,1626,8639,3271,100
2026-04-17T15:40:50,15748,8736,1947,7011,1626,8639,3271,100
2026-04-17T15:40:51,15748,8730,1952,7017,1626,8883,3027,100
2026-04-17T15:40:52,15748,8712,1971,7035,1626,8883,3027,98
2026-04-17T15:40:53,15748,8700,1983,7047,1626,8883,3027,99
2026-04-17T15:40:54,15748,8696,1987,7053,1626,8883,3027,99
2026-04-17T15:40:55,15748,8692,1990,7055,1626,8883,3027,100
2026-04-17T15:40:56,15748,8700,1983,7048,1626,8883,3027,100
2026-04-17T15:40:57,15748,8690,1993,7058,1626,8883,3027,100
2026-04-17T15:40:58,15748,8704,1979,7044,1626,8883,3027,100
2026-04-17T15:40:59,15748,8700,1983,7050,1626,8885,3025,98
2026-04-17T15:41:00,15748,8683,1999,7064,1626,8885,3025,100
2026-04-17T15:41:01,15748,8683,2000,7065,1626,8967,2943,99
2026-04-17T15:41:02,15748,8689,1994,7058,1626,8967,2943,100
2026-04-17T15:41:03,15748,8695,1988,7052,1626,8967,2943,100
2026-04-17T15:41:04,15748,8700,1983,7048,1626,9049,2861,100
2026-04-17T15:41:05,15748,8692,1991,7057,1626,9049,2861,100
2026-04-17T15:41:07,15748,8685,1998,7062,1626,9293,2617,100
2026-04-17T15:41:08,15748,8690,1992,7057,1626,9293,2617,98
2026-04-17T15:41:09,15748,8698,1985,7049,1626,9293,2617,99
2026-04-17T15:41:10,15748,8696,1987,7051,1626,9293,2617,99
2026-04-17T15:41:11,15748,8688,1995,7059,1626,9293,2617,100
2026-04-17T15:41:12,15748,8688,1994,7059,1626,9293,2617,100
2026-04-17T15:41:13,15748,8676,2006,7071,1626,9293,2617,100
2026-04-17T15:41:14,15748,8665,2018,7083,1626,9455,2455,100
2026-04-17T15:41:15,15748,8678,2005,7070,1626,9455,2455,98
2026-04-17T15:41:16,15748,8655,2028,7093,1626,9455,2455,98
2026-04-17T15:41:17,15748,8650,2033,7097,1626,9455,2455,99
2026-04-17T15:41:18,15748,8652,2030,7095,1626,9455,2455,100
2026-04-17T15:41:19,15748,8670,2013,7077,1626,9455,2455,100
2026-04-17T15:41:20,15748,8671,2011,7076,1626,9455,2455,100
2026-04-17T15:41:21,15748,8670,2012,7077,1626,9455,2455,100
2026-04-17T15:41:22,15748,8675,2008,7072,1626,9699,2211,100
2026-04-17T15:41:23,15748,6569,4114,9234,1626,9699,2211,0
2026-04-17T15:41:24,15748,3191,7491,12556,1626,321,11589,0
2026-04-17T15:41:25,15748,3194,7489,12553,1626,321,11589,0
2026-04-17T15:41:26,15748,3192,7491,12556,1626,321,11589,0
2026-04-17T15:41:27,15748,3181,7501,12566,1626,321,11589,0
2026-04-17T15:41:28,15748,3171,7512,12576,1626,321,11589,0
2026-04-17T15:41:29,15748,3172,7510,12575,1626,321,11589,0
2026-04-17T15:41:30,15748,3176,7506,12571,1626,321,11589,0
2026-04-17T15:41:31,15748,3191,7491,12556,1626,321,11589,0
2026-04-17T15:41:32,15748,3185,7497,12562,1626,321,11589,0
2026-04-17T15:41:33,15748,3189,7493,12558,1626,321,11589,0
2026-04-17T15:41:34,15748,3186,7496,12561,1626,321,11589,0
2026-04-17T15:41:35,15748,3202,7480,12545,1626,321,11589,0
2026-04-17T15:41:37,15748,3214,7468,12533,1626,321,11589,0
2026-04-17T15:41:38,15748,3296,7386,12451,1626,321,11589,0
2026-04-17T15:41:39,15748,3225,7457,12522,1626,321,11589,0
2026-04-17T15:41:40,15748,3221,7461,12526,1626,321,11589,0
2026-04-17T15:41:41,15748,3229,7453,12518,1626,321,11589,0
2026-04-17T15:41:42,15748,3233,7449,12513,1626,321,11589,0
2026-04-17T15:41:43,15748,3225,7457,12522,1626,321,11589,0
2026-04-17T15:41:44,15748,3218,7464,12530,1626,321,11589,0
2026-04-17T15:41:45,15748,3215,7467,12532,1626,321,11589,0
2026-04-17T15:41:46,15748,3213,7469,12534,1626,321,11589,0
2026-04-17T15:41:47,15748,3223,7459,12524,1626,321,11589,0
2026-04-17T15:41:48,15748,3219,7463,12528,1626,321,11589,0
2026-04-17T15:41:49,15748,3231,7451,12516,1626,321,11589,0
2026-04-17T15:41:50,15748,3226,7456,12521,1626,321,11589,0
2026-04-17T15:41:51,15748,3200,7482,12547,1626,321,11589,0
2026-04-17T15:41:52,15748,3199,7483,12548,1626,321,11589,0
2026-04-17T15:41:53,15748,3203,7479,12544,1626,321,11589,0
2026-04-17T15:41:54,15748,3200,7481,12547,1626,321,11589,0
2026-04-17T15:41:55,15748,3213,7469,12536,1626,321,11589,0
2026-04-17T15:41:56,15748,3202,7480,12545,1626,321,11589,0
2026-04-17T15:41:58,15748,3196,7485,12551,1626,321,11589,0
2026-04-17T15:41:59,15748,3192,7490,12558,1626,321,11589,0
2026-04-17T15:42:00,15748,3189,7493,12558,1626,321,11589,0
2026-04-17T15:42:01,15748,3195,7487,12552,1626,321,11589,0
2026-04-17T15:42:02,15748,3198,7484,12549,1626,321,11589,0
2026-04-17T15:42:03,15748,3189,7493,12558,1626,321,11589,0
2026-04-17T15:42:04,15748,3184,7498,12563,1626,321,11589,0
2026-04-17T15:42:05,15748,3183,7499,12564,1626,321,11589,0
2026-04-17T15:42:06,15748,3188,7494,12560,1626,321,11589,0
2026-04-17T15:42:07,15748,3202,7480,12545,1626,321,11589,0
2026-04-17T15:42:08,15748,3212,7470,12535,1626,321,11589,0
2026-04-17T15:42:09,15748,3231,7451,12516,1626,321,11589,0
2026-04-17T15:42:10,15748,3236,7446,12511,1626,321,11589,0
2026-04-17T15:42:11,15748,3233,7448,12514,1626,321,11589,0
2026-04-17T15:42:12,15748,3229,7453,12518,1626,321,11589,0
2026-04-17T15:42:13,15748,3198,7483,12549,1626,321,11589,0
2026-04-17T15:42:14,15748,3194,7488,12555,1626,321,11589,0
2026-04-17T15:42:15,15748,3185,7497,12562,1626,321,11589,0
2026-04-17T15:42:16,15748,3201,7481,12546,1626,321,11589,0
2026-04-17T15:42:17,15748,3195,7487,12553,1626,321,11589,0
2026-04-17T15:42:19,15748,3185,7497,12562,1626,321,11589,0
2026-04-17T15:42:20,15748,3191,7491,12557,1626,321,11589,0
2026-04-17T15:42:21,15748,3198,7484,12549,1626,321,11589,0
2026-04-17T15:42:22,15748,3195,7487,12552,1626,321,11589,0
2026-04-17T15:42:23,15748,3211,7471,12536,1626,321,11589,0
2026-04-17T15:42:24,15748,3207,7475,12540,1626,321,11589,0
2026-04-17T15:42:25,15748,3199,7482,12548,1626,321,11589,0
2026-04-17T15:42:26,15748,3208,7474,12540,1626,321,11589,0
2026-04-17T15:42:27,15748,3202,7480,12546,1626,321,11589,0
2026-04-17T15:42:28,15748,3191,7491,12556,1626,321,11589,0
2026-04-17T15:42:29,15748,3187,7495,12560,1626,321,11589,0
2026-04-17T15:42:30,15748,3197,7485,12552,1626,321,11589,0
2026-04-17T15:42:31,15748,3192,7489,12555,1626,321,11589,0
2026-04-17T15:42:32,15748,3186,7496,12561,1626,321,11589,0
2026-04-17T15:42:33,15748,3174,7507,12573,1626,321,11589,0
2026-04-17T15:42:34,15748,3163,7519,12585,1626,321,11589,0
2026-04-17T15:42:35,15748,3171,7511,12576,1626,321,11589,0
2026-04-17T15:42:36,15748,3168,7514,12579,1626,321,11589,0
2026-04-17T15:42:37,15748,3167,7515,12580,1626,321,11589,0
2026-04-17T15:42:39,15748,3167,7515,12580,1626,321,11589,0
2026-04-17T15:42:40,15748,3175,7507,12579,1626,321,11589,0
2026-04-17T15:42:41,15748,3178,7504,12569,1626,321,11589,0
2026-04-17T15:42:42,15748,3177,7504,12570,1626,321,11589,0
2026-04-17T15:42:43,15748,3167,7514,12580,1626,321,11589,0
2026-04-17T15:42:44,15748,3174,7508,12573,1626,321,11589,0
2026-04-17T15:42:45,15748,3179,7502,12568,1626,321,11589,0
2026-04-17T15:42:46,15748,3172,7510,12575,1626,321,11589,0
2026-04-17T15:42:47,15748,3180,7502,12567,1626,321,11589,0
2026-04-17T15:42:48,15748,3180,7502,12567,1626,321,11589,0
2026-04-17T15:42:49,15748,3186,7496,12561,1626,321,11589,0
