timestamp,mem_total_mb,mem_used_mb,mem_free_mb,mem_available_mb,swap_used_mb,gpu_used_mib,gpu_free_mib,gpu_util_pct
2026-04-17T16:15:54,15748,3061,7672,12686,1739,321,11589,0
2026-04-17T16:15:55,15748,3092,7641,12655,1739,321,11589,0
2026-04-17T16:15:56,15748,3102,7631,12645,1739,321,11589,0
2026-04-17T16:15:57,15748,3102,7631,12645,1739,321,11589,0
2026-04-17T16:15:58,15748,3131,7602,12616,1739,321,11589,0
2026-04-17T16:15:59,15748,3138,7595,12609,1739,321,11589,0
2026-04-17T16:16:00,15748,3139,7594,12608,1739,321,11589,0
2026-04-17T16:16:01,15748,3146,7587,12601,1739,321,11589,0
2026-04-17T16:16:02,15748,3143,7590,12604,1739,321,11589,0
2026-04-17T16:16:03,15748,3405,7328,12342,1739,321,11589,0
2026-04-17T16:16:04,15748,3793,6940,11954,1739,849,11061,0
2026-04-17T16:16:05,15748,5423,5310,10324,1739,1001,10909,0
2026-04-17T16:16:06,15748,5625,5109,10130,1739,1105,10805,0
2026-04-17T16:16:07,15748,5247,5486,10500,1739,2815,9095,0
2026-04-17T16:16:08,15748,5649,5084,10098,1739,2815,9095,0
2026-04-17T16:16:09,15748,7146,3587,8601,1739,2815,9095,0
2026-04-17T16:16:10,15748,8538,2195,7201,1739,2815,9095,0
2026-04-17T16:16:11,15748,10508,225,5239,1739,3077,8833,12
2026-04-17T16:16:12,15748,3180,7553,12567,1739,321,11589,0
2026-04-17T16:16:13,15748,3187,7546,12560,1739,321,11589,0
2026-04-17T16:16:15,15748,3146,7587,12601,1739,321,11589,0
2026-04-17T16:16:16,15748,3149,7584,12598,1739,321,11589,0
2026-04-17T16:16:17,15748,3127,7606,12620,1739,321,11589,0
2026-04-17T16:16:18,15748,3102,7631,12645,1739,321,11589,0
2026-04-17T16:16:19,15748,3103,7630,12644,1739,321,11589,0
2026-04-17T16:16:20,15748,3160,7573,12587,1739,321,11589,0
2026-04-17T16:16:21,15748,3101,7632,12646,1739,321,11589,0
2026-04-17T16:16:22,15748,3115,7618,12632,1739,321,11589,0
2026-04-17T16:16:23,15748,3128,7605,12619,1739,321,11589,0
2026-04-17T16:16:24,15748,3142,7591,12605,1739,321,11589,0
2026-04-17T16:16:25,15748,3128,7605,12619,1739,321,11589,0
2026-04-17T16:16:26,15748,3159,7574,12586,1739,321,11589,0
2026-04-17T16:16:27,15748,3139,7594,12608,1739,321,11589,0
2026-04-17T16:16:28,15748,3143,7589,12604,1739,321,11589,0
2026-04-17T16:16:29,15748,3149,7584,12598,1739,321,11589,0
2026-04-17T16:16:30,15748,3144,7589,12603,1739,321,11589,0
2026-04-17T16:16:31,15748,3129,7603,12618,1739,321,11589,0
2026-04-17T16:16:33,15748,3117,7616,12630,1739,321,11589,0
2026-04-17T16:16:34,15748,3102,7631,12645,1739,321,11589,0
2026-04-17T16:16:35,15748,3103,7629,12644,1739,321,11589,0
2026-04-17T16:16:36,15748,3090,7642,12657,1739,321,11589,0
2026-04-17T16:16:37,15748,3084,7649,12663,1739,321,11589,0
2026-04-17T16:16:38,15748,3101,7549,12646,1739,321,11589,0
2026-04-17T16:16:39,15748,3108,7542,12640,1739,321,11589,0
2026-04-17T16:16:40,15748,3112,7537,12635,1739,321,11589,0
2026-04-17T16:16:41,15748,3110,7539,12636,1739,321,11589,0
2026-04-17T16:16:42,15748,3116,7533,12631,1739,321,11589,0
2026-04-17T16:16:43,15748,3114,7535,12632,1739,321,11589,0
2026-04-17T16:16:44,15748,3168,7482,12579,1739,321,11589,0
2026-04-17T16:16:45,15748,3166,7483,12581,1739,321,11589,0
2026-04-17T16:16:46,15748,3182,7468,12565,1739,321,11589,0
2026-04-17T16:16:47,15748,3139,7510,12608,1738,321,11589,0
2026-04-17T16:16:49,15748,3146,7503,12601,1738,321,11589,0
2026-04-17T16:16:50,15748,3125,7524,12622,1738,321,11589,0
2026-04-17T16:16:51,15748,3134,7516,12614,1738,321,11589,0
2026-04-17T16:16:52,15748,3114,7535,12633,1738,321,11589,0
2026-04-17T16:16:53,15748,3117,7532,12630,1738,321,11589,0
2026-04-17T16:16:54,15748,3122,7528,12625,1738,321,11589,0
2026-04-17T16:16:55,15748,3109,7540,12638,1738,321,11589,0
2026-04-17T16:16:56,15748,3106,7543,12641,1738,321,11589,0
2026-04-17T16:16:57,15748,3103,7546,12644,1738,321,11589,0
2026-04-17T16:16:58,15748,3118,7532,12629,1738,321,11589,0
2026-04-17T16:16:59,15748,3115,7534,12632,1738,321,11589,0
2026-04-17T16:17:00,15748,3101,7548,12646,1738,321,11589,0
2026-04-17T16:17:01,15748,3113,7536,12634,1738,321,11589,0
2026-04-17T16:17:02,15748,3111,7538,12638,1738,321,11589,0
2026-04-17T16:17:03,15748,3121,7528,12626,1738,321,11589,0
2026-04-17T16:17:04,15748,3114,7535,12633,1738,321,11589,0
2026-04-17T16:17:06,15748,3161,7488,12586,1738,321,11589,0
2026-04-17T16:17:07,15748,3119,7530,12628,1737,321,11589,0
2026-04-17T16:17:08,15748,3117,7532,12631,1737,321,11589,0
2026-04-17T16:17:09,15748,3106,7543,12641,1737,321,11589,0
2026-04-17T16:17:10,15748,3097,7552,12650,1737,321,11589,0
2026-04-17T16:17:11,15748,3099,7550,12648,1737,321,11589,0
2026-04-17T16:17:12,15748,3097,7552,12650,1737,321,11589,0
2026-04-17T16:17:13,15748,3107,7542,12640,1737,321,11589,0
2026-04-17T16:17:14,15748,3106,7543,12641,1737,321,11589,0
2026-04-17T16:17:15,15748,3087,7562,12659,1737,321,11589,0
2026-04-17T16:17:16,15748,3090,7559,12657,1737,321,11589,0
2026-04-17T16:17:17,15748,3091,7558,12656,1737,321,11589,0
2026-04-17T16:17:18,15748,3097,7552,12651,1737,321,11589,0
2026-04-17T16:17:19,15748,3082,7567,12665,1737,321,11589,0
2026-04-17T16:17:20,15748,3078,7571,12669,1737,321,11589,0
2026-04-17T16:17:22,15748,3083,7566,12664,1737,321,11589,0
2026-04-17T16:17:23,15748,3205,7444,12542,1737,321,11589,0
2026-04-17T16:17:24,15748,3212,7436,12534,1737,321,11589,0
2026-04-17T16:17:25,15748,3193,7456,12554,1737,321,11589,0
2026-04-17T16:17:26,15748,3195,7454,12553,1737,321,11589,0
2026-04-17T16:17:27,15748,3198,7451,12549,1737,321,11589,0
2026-04-17T16:17:28,15748,3192,7457,12555,1737,321,11589,0
2026-04-17T16:17:29,15748,3198,7451,12550,1737,321,11589,0
2026-04-17T16:17:30,15748,3189,7460,12558,1737,321,11589,0
2026-04-17T16:17:31,15748,3183,7466,12565,1737,321,11589,0
2026-04-17T16:17:32,15748,3194,7455,12553,1737,321,11589,0
2026-04-17T16:17:33,15748,3175,7474,12572,1737,321,11589,0
2026-04-17T16:17:34,15748,3182,7467,12565,1737,321,11589,0
2026-04-17T16:17:35,15748,3190,7459,12557,1737,321,11589,0
2026-04-17T16:17:36,15748,3197,7452,12551,1737,321,11589,0
2026-04-17T16:17:38,15748,3190,7459,12557,1737,321,11589,0
2026-04-17T16:17:39,15748,3199,7450,12548,1737,321,11589,0
2026-04-17T16:17:40,15748,3184,7465,12563,1737,321,11589,0
2026-04-17T16:17:41,15748,3192,7457,12555,1737,321,11589,0
2026-04-17T16:17:42,15748,3180,7469,12567,1737,321,11589,0
2026-04-17T16:17:43,15748,3178,7471,12569,1737,321,11589,0
2026-04-17T16:17:44,15748,3192,7457,12555,1737,321,11589,0
2026-04-17T16:17:45,15748,3190,7459,12557,1737,321,11589,0
2026-04-17T16:17:46,15748,3189,7460,12559,1737,321,11589,0
2026-04-17T16:17:47,15748,3180,7469,12567,1737,321,11589,0
2026-04-17T16:17:48,15748,3165,7484,12582,1737,321,11589,0
2026-04-17T16:17:49,15748,2958,7691,12789,1737,321,11589,0
2026-04-17T16:17:50,15748,2958,7691,12789,1737,321,11589,0
2026-04-17T16:17:51,15748,2948,7700,12799,1737,321,11589,0
2026-04-17T16:17:52,15748,2937,7712,12811,1737,321,11589,0
2026-04-17T16:17:54,15748,2939,7710,12808,1737,321,11589,0
2026-04-17T16:17:55,15748,2937,7711,12810,1737,321,11589,0
2026-04-17T16:17:56,15748,2922,7727,12825,1737,321,11589,0
2026-04-17T16:17:57,15748,2918,7730,12829,1737,321,11589,0
2026-04-17T16:17:58,15748,2941,7707,12806,1737,321,11589,0
2026-04-17T16:17:59,15748,2941,7708,12807,1737,321,11589,0
2026-04-17T16:18:00,15748,2934,7715,12813,1737,321,11589,0
2026-04-17T16:18:01,15748,2923,7725,12824,1737,321,11589,0
2026-04-17T16:18:02,15748,2925,7723,12821,1737,321,11589,0
2026-04-17T16:18:03,15748,2923,7725,12824,1737,321,11589,0
2026-04-17T16:18:04,15748,2926,7722,12821,1737,321,11589,0
2026-04-17T16:18:05,15748,2941,7708,12806,1737,321,11589,0
2026-04-17T16:18:06,15748,2926,7723,12821,1737,321,11589,0
2026-04-17T16:18:07,15748,2923,7726,12825,1737,321,11589,0
2026-04-17T16:18:08,15748,2917,7732,12830,1737,321,11589,0
2026-04-17T16:18:10,15748,2907,7742,12840,1737,321,11589,0
2026-04-17T16:18:11,15748,2903,7745,12844,1737,321,11589,0
2026-04-17T16:18:12,15748,2915,7734,12833,1737,321,11589,0
2026-04-17T16:18:13,15748,2921,7727,12826,1737,321,11589,0
2026-04-17T16:18:14,15748,2921,7728,12826,1737,321,11589,0
2026-04-17T16:18:15,15748,2903,7745,12844,1737,321,11589,0
2026-04-17T16:18:16,15748,2909,7740,12839,1737,321,11589,0
2026-04-17T16:18:17,15748,2897,7752,12850,1737,321,11589,0
2026-04-17T16:18:18,15748,2918,7730,12829,1737,321,11589,0
2026-04-17T16:18:19,15748,2913,7735,12834,1737,321,11589,0
2026-04-17T16:18:20,15748,2914,7734,12833,1737,321,11589,0
2026-04-17T16:18:21,15748,2906,7742,12841,1737,321,11589,0
2026-04-17T16:18:22,15748,2904,7744,12843,1737,321,11589,0
2026-04-17T16:18:23,15748,2922,7727,12825,1737,321,11589,0
2026-04-17T16:18:24,15748,2919,7730,12829,1737,321,11589,0
2026-04-17T16:18:26,15748,2912,7737,12835,1737,321,11589,0
2026-04-17T16:18:27,15748,2937,7712,12810,1737,321,11589,0
2026-04-17T16:18:28,15748,2939,7710,12808,1737,321,11589,0
2026-04-17T16:18:29,15748,2959,7690,12788,1737,321,11589,0
2026-04-17T16:18:30,15748,2943,7705,12804,1737,321,11589,0
2026-04-17T16:18:31,15748,2935,7714,12812,1737,321,11589,0
2026-04-17T16:18:32,15748,2943,7705,12804,1737,321,11589,0
2026-04-17T16:18:33,15748,2941,7707,12806,1737,321,11589,0
2026-04-17T16:18:34,15748,2946,7702,12801,1737,321,11589,0
2026-04-17T16:18:35,15748,2938,7711,12809,1737,321,11589,0
2026-04-17T16:18:36,15748,2926,7722,12821,1737,321,11589,0
2026-04-17T16:18:37,15748,2932,7717,12815,1737,321,11589,0
2026-04-17T16:18:38,15748,2936,7713,12812,1737,321,11589,0
2026-04-17T16:18:39,15748,2916,7732,12830,1737,321,11589,0
2026-04-17T16:18:40,15748,2930,7718,12817,1737,321,11589,0
2026-04-17T16:18:42,15748,2945,7704,12803,1737,321,11589,0
2026-04-17T16:18:43,15748,2932,7716,12815,1737,321,11589,0
2026-04-17T16:18:44,15748,2924,7725,12824,1737,321,11589,0
2026-04-17T16:18:45,15748,2939,7710,12808,1737,321,11589,0
2026-04-17T16:18:46,15748,2935,7713,12812,1737,321,11589,0
2026-04-17T16:18:47,15748,2922,7727,12825,1737,321,11589,0
2026-04-17T16:18:48,15748,2933,7716,12814,1737,321,11589,0
2026-04-17T16:18:49,15748,2928,7721,12819,1737,321,11589,0
2026-04-17T16:18:50,15748,2928,7721,12819,1737,321,11589,0
2026-04-17T16:18:51,15748,2932,7716,12815,1737,321,11589,0
2026-04-17T16:18:52,15748,2942,7706,12805,1737,321,11589,0
2026-04-17T16:18:53,15748,2950,7698,12797,1737,321,11589,0
2026-04-17T16:18:54,15748,2950,7699,12799,1737,321,11589,0
2026-04-17T16:18:55,15748,2965,7684,12783,1737,321,11589,0
2026-04-17T16:18:56,15748,2965,7684,12783,1737,321,11589,0
2026-04-17T16:18:58,15748,2964,7685,12783,1737,321,11589,0
2026-04-17T16:18:59,15748,2954,7694,12793,1737,321,11589,0
2026-04-17T16:19:00,15748,2952,7697,12795,1737,321,11589,0
2026-04-17T16:19:01,15748,2943,7705,12804,1737,321,11589,0
2026-04-17T16:19:02,15748,2940,7708,12807,1737,321,11589,0
2026-04-17T16:19:03,15748,2927,7721,12820,1737,321,11589,0
2026-04-17T16:19:04,15748,2924,7725,12823,1737,321,11589,0
2026-04-17T16:19:05,15748,2927,7722,12820,1737,321,11589,0
2026-04-17T16:19:06,15748,2928,7721,12819,1737,321,11589,0
2026-04-17T16:19:07,15748,2913,7735,12834,1737,321,11589,0
2026-04-17T16:19:08,15748,2925,7724,12822,1737,321,11589,0
2026-04-17T16:19:09,15748,2930,7719,12818,1737,321,11589,0
2026-04-17T16:19:10,15748,2924,7725,12824,1737,321,11589,0
2026-04-17T16:19:11,15748,2913,7735,12834,1737,321,11589,0
2026-04-17T16:19:13,15748,2909,7740,12838,1737,321,11589,0
2026-04-17T16:19:14,15748,2916,7733,12831,1737,321,11589,0
2026-04-17T16:19:15,15748,2928,7720,12819,1737,321,11589,0
2026-04-17T16:19:16,15748,2936,7712,12811,1737,321,11589,0
2026-04-17T16:19:17,15748,2926,7723,12821,1737,321,11589,0
2026-04-17T16:19:18,15748,2923,7726,12824,1737,321,11589,0
2026-04-17T16:19:19,15748,2924,7724,12823,1737,321,11589,0
2026-04-17T16:19:20,15748,2937,7712,12810,1737,321,11589,0
2026-04-17T16:19:21,15748,2951,7698,12796,1737,321,11589,0
2026-04-17T16:19:22,15748,2947,7701,12800,1737,321,11589,0
2026-04-17T16:19:23,15748,2935,7714,12812,1737,321,11589,0
2026-04-17T16:19:24,15748,2922,7727,12825,1737,321,11589,0
2026-04-17T16:19:25,15748,2936,7713,12811,1737,321,11589,0
2026-04-17T16:19:26,15748,2946,7702,12802,1737,321,11589,0
2026-04-17T16:19:27,15748,2955,7693,12792,1737,321,11589,0
2026-04-17T16:19:29,15748,2941,7708,12806,1737,321,11589,0
2026-04-17T16:19:30,15748,2949,7700,12798,1737,321,11589,0
2026-04-17T16:19:31,15748,2937,7711,12810,1737,321,11589,0
2026-04-17T16:19:32,15748,2915,7734,12832,1737,321,11589,0
2026-04-17T16:19:33,15748,2921,7728,12827,1737,321,11589,0
2026-04-17T16:19:34,15748,2913,7735,12834,1737,321,11589,0
2026-04-17T16:19:35,15748,2935,7714,12812,1737,321,11589,0
2026-04-17T16:19:36,15748,2940,7709,12807,1737,321,11589,0
2026-04-17T16:19:37,15748,2934,7715,12813,1737,321,11589,0
2026-04-17T16:19:38,15748,2940,7708,12807,1737,321,11589,0
2026-04-17T16:19:39,15748,2956,7692,12791,1737,321,11589,0
2026-04-17T16:19:40,15748,2945,7704,12802,1737,321,11589,0
2026-04-17T16:19:41,15748,2937,7711,12810,1737,321,11589,0
2026-04-17T16:19:42,15748,2928,7720,12819,1737,321,11589,0
2026-04-17T16:19:43,15748,2923,7725,12824,1737,321,11589,0
2026-04-17T16:19:44,15748,2934,7715,12813,1737,321,11589,0
2026-04-17T16:19:46,15748,2933,7716,12815,1737,321,11589,0
2026-04-17T16:19:47,15748,2946,7703,12802,1737,321,11589,0
2026-04-17T16:19:48,15748,2947,7701,12800,1737,321,11589,0
2026-04-17T16:19:49,15748,2956,7693,12791,1737,321,11589,0
2026-04-17T16:19:50,15748,2954,7694,12793,1737,321,11589,0
2026-04-17T16:19:51,15748,2945,7704,12802,1737,321,11589,0
2026-04-17T16:19:52,15748,2939,7710,12809,1737,321,11589,0
2026-04-17T16:19:53,15748,2930,7718,12817,1737,321,11589,0
2026-04-17T16:19:54,15748,2930,7719,12817,1737,321,11589,0
2026-04-17T16:19:55,15748,2945,7704,12802,1737,321,11589,0
2026-04-17T16:19:56,15748,2947,7702,12800,1737,321,11589,0
2026-04-17T16:19:57,15748,2955,7693,12792,1737,321,11589,0
2026-04-17T16:19:58,15748,2943,7705,12804,1737,321,11589,0
2026-04-17T16:19:59,15748,2939,7709,12808,1737,321,11589,0
2026-04-17T16:20:00,15748,2939,7709,12808,1737,321,11589,0
2026-04-17T16:20:02,15748,2935,7713,12812,1737,321,11589,0
2026-04-17T16:20:03,15748,2910,7738,12837,1737,321,11589,0
2026-04-17T16:20:04,15748,2916,7733,12831,1737,321,11589,0
2026-04-17T16:20:05,15748,2912,7737,12835,1737,321,11589,0
2026-04-17T16:20:06,15748,2932,7717,12815,1737,321,11589,0
2026-04-17T16:20:07,15748,2942,7707,12806,1737,321,11589,0
2026-04-17T16:20:08,15748,2932,7717,12815,1737,321,11589,0
2026-04-17T16:20:09,15748,2945,7703,12802,1737,321,11589,0
2026-04-17T16:20:10,15748,2940,7708,12807,1737,321,11589,0
2026-04-17T16:20:11,15748,2945,7704,12802,1737,321,11589,0
2026-04-17T16:20:12,15748,2939,7709,12808,1737,321,11589,0
2026-04-17T16:20:13,15748,2948,7701,12799,1737,321,11589,0
2026-04-17T16:20:14,15748,2938,7710,12809,1737,321,11589,0
2026-04-17T16:20:15,15748,2948,7701,12799,1737,321,11589,0
2026-04-17T16:20:16,15748,2949,7699,12798,1737,321,11589,0
2026-04-17T16:20:18,15748,2925,7723,12822,1737,321,11589,0
2026-04-17T16:20:19,15748,2919,7729,12828,1737,321,11589,0
2026-04-17T16:20:20,15748,2911,7737,12836,1737,321,11589,0
2026-04-17T16:20:21,15748,2895,7754,12853,1737,321,11589,0
2026-04-17T16:20:22,15748,2915,7734,12832,1737,321,11589,0
2026-04-17T16:20:23,15748,2922,7727,12826,1737,321,11589,0
2026-04-17T16:20:24,15748,2920,7729,12827,1737,321,11589,0
2026-04-17T16:20:25,15748,2906,7742,12841,1737,321,11589,0
2026-04-17T16:20:26,15748,2902,7746,12845,1737,321,11589,0
2026-04-17T16:20:27,15748,2904,7744,12843,1737,321,11589,0
2026-04-17T16:20:28,15748,2920,7728,12827,1737,321,11589,0
2026-04-17T16:20:29,15748,2924,7725,12823,1737,321,11589,0
2026-04-17T16:20:30,15748,2912,7736,12835,1737,321,11589,0
2026-04-17T16:20:31,15748,2924,7724,12823,1737,321,11589,0
2026-04-17T16:20:32,15748,2907,7742,12840,1737,321,11589,0
2026-04-17T16:20:34,15748,2911,7738,12836,1737,321,11589,0
2026-04-17T16:20:35,15748,2927,7721,12820,1737,321,11589,0
2026-04-17T16:20:36,15748,2939,7709,12808,1737,321,11589,0
2026-04-17T16:20:37,15748,2916,7733,12831,1737,321,11589,0
2026-04-17T16:20:38,15748,2932,7716,12815,1737,321,11589,0
2026-04-17T16:20:39,15748,2929,7719,12818,1737,321,11589,0
2026-04-17T16:20:40,15748,2916,7733,12831,1737,321,11589,0
2026-04-17T16:20:41,15748,2908,7741,12839,1737,321,11589,0
2026-04-17T16:20:42,15748,2923,7726,12824,1737,321,11589,0
2026-04-17T16:20:43,15748,2929,7719,12818,1737,321,11589,0
2026-04-17T16:20:44,15748,2927,7722,12820,1737,321,11589,0
2026-04-17T16:20:45,15748,2906,7742,12841,1737,321,11589,0
2026-04-17T16:20:46,15748,2912,7736,12835,1737,321,11589,0
2026-04-17T16:20:47,15748,2909,7739,12838,1737,321,11589,0
2026-04-17T16:20:48,15748,2922,7727,12825,1737,321,11589,0
2026-04-17T16:20:50,15748,2922,7727,12825,1737,321,11589,0
2026-04-17T16:20:51,15748,2911,7737,12836,1737,321,11589,0
2026-04-17T16:20:52,15748,2910,7738,12837,1737,321,11589,0
2026-04-17T16:20:53,15748,2916,7733,12831,1737,321,11589,0
2026-04-17T16:20:54,15748,2920,7728,12827,1737,321,11589,0
2026-04-17T16:20:55,15748,2934,7714,12813,1737,321,11589,0
2026-04-17T16:20:56,15748,2928,7721,12819,1737,321,11589,0
2026-04-17T16:20:57,15748,2920,7728,12827,1737,321,11589,0
2026-04-17T16:20:58,15748,2934,7715,12814,1737,321,11589,0
2026-04-17T16:20:59,15748,2925,7723,12822,1737,321,11589,0
2026-04-17T16:21:00,15748,2940,7708,12807,1737,321,11589,0
2026-04-17T16:21:01,15748,2938,7711,12809,1737,321,11589,0
2026-04-17T16:21:02,15748,2940,7709,12808,1737,321,11589,0
2026-04-17T16:21:03,15748,2935,7714,12812,1737,321,11589,0
2026-04-17T16:21:05,15748,2932,7716,12815,1737,321,11589,0
2026-04-17T16:21:06,15748,2944,7705,12813,1737,321,11589,0
2026-04-17T16:21:07,15748,2925,7723,12822,1737,321,11589,0
2026-04-17T16:21:08,15748,2934,7715,12813,1737,321,11589,0
2026-04-17T16:21:09,15748,2934,7714,12813,1737,321,11589,0
2026-04-17T16:21:10,15748,2924,7725,12823,1737,321,11589,0
2026-04-17T16:21:11,15748,2924,7725,12823,1737,321,11589,0
2026-04-17T16:21:12,15748,2940,7708,12807,1737,321,11589,0
2026-04-17T16:21:13,15748,2947,7701,12800,1737,321,11589,0
2026-04-17T16:21:14,15748,2949,7699,12797,1737,321,11589,0
2026-04-17T16:21:15,15748,2946,7703,12801,1737,321,11589,0
2026-04-17T16:21:16,15748,2933,7715,12814,1737,321,11589,0
2026-04-17T16:21:17,15748,2920,7728,12827,1737,321,11589,0
2026-04-17T16:21:18,15748,2918,7730,12829,1737,321,11589,0
2026-04-17T16:21:19,15748,2923,7725,12824,1737,321,11589,0
2026-04-17T16:21:21,15748,2921,7727,12826,1737,321,11589,0
2026-04-17T16:21:22,15748,2915,7734,12832,1737,321,11589,0
2026-04-17T16:21:23,15748,2930,7718,12817,1737,321,11589,0
2026-04-17T16:21:24,15748,2933,7715,12814,1737,321,11589,0
2026-04-17T16:21:25,15748,2947,7701,12800,1737,321,11589,0
2026-04-17T16:21:26,15748,2943,7705,12804,1737,321,11589,0
2026-04-17T16:21:27,15748,2925,7723,12822,1737,321,11589,0
2026-04-17T16:21:28,15748,2915,7734,12832,1737,321,11589,0
2026-04-17T16:21:29,15748,2920,7728,12827,1737,321,11589,0
2026-04-17T16:21:30,15748,2909,7740,12838,1737,321,11589,0
2026-04-17T16:21:31,15748,2916,7733,12831,1737,321,11589,0
2026-04-17T16:21:32,15748,2927,7721,12820,1737,321,11589,0
2026-04-17T16:21:33,15748,2936,7712,12810,1737,321,11589,0
2026-04-17T16:21:34,15748,2923,7725,12824,1737,321,11589,0
2026-04-17T16:21:35,15748,2923,7725,12824,1737,321,11589,0
2026-04-17T16:21:37,15748,2927,7721,12820,1737,321,11589,0
2026-04-17T16:21:38,15748,2940,7709,12807,1737,321,11589,0
2026-04-17T16:21:39,15748,2932,7716,12815,1737,321,11589,0
2026-04-17T16:21:40,15748,2925,7724,12822,1737,321,11589,0
2026-04-17T16:21:41,15748,2917,7731,12830,1737,321,11589,0
2026-04-17T16:21:42,15748,2924,7724,12823,1737,321,11589,0
2026-04-17T16:21:43,15748,2918,7731,12829,1737,321,11589,0
2026-04-17T16:21:44,15748,2908,7741,12840,1737,321,11589,0
2026-04-17T16:21:45,15748,2906,7743,12842,1737,321,11589,0
2026-04-17T16:21:46,15748,2906,7743,12841,1737,321,11589,0
2026-04-17T16:21:47,15748,2927,7721,12820,1737,321,11589,0
2026-04-17T16:21:48,15748,2931,7718,12816,1737,321,11589,0
2026-04-17T16:21:49,15748,2918,7730,12829,1737,321,11589,0
2026-04-17T16:21:50,15748,2902,7746,12845,1737,321,11589,0
2026-04-17T16:21:52,15748,2910,7739,12837,1737,321,11589,0
2026-04-17T16:21:53,15748,2920,7728,12827,1737,321,11589,0
2026-04-17T16:21:54,15748,2930,7718,12817,1737,321,11589,0
2026-04-17T16:21:55,15748,2930,7718,12817,1737,321,11589,0
2026-04-17T16:21:56,15748,2930,7719,12817,1737,321,11589,0
2026-04-17T16:21:57,15748,2942,7707,12805,1737,321,11589,0
2026-04-17T16:21:58,15748,2939,7709,12808,1737,321,11589,0
2026-04-17T16:21:59,15748,2936,7712,12811,1737,321,11589,0
2026-04-17T16:22:00,15748,2936,7712,12811,1737,321,11589,0
2026-04-17T16:22:01,15748,2927,7721,12820,1737,321,11589,0
2026-04-17T16:22:02,15748,2939,7710,12808,1737,321,11589,0
2026-04-17T16:22:03,15748,2958,7690,12789,1737,321,11589,0
2026-04-17T16:22:04,15748,2944,7704,12803,1737,321,11589,0
2026-04-17T16:22:05,15748,2952,7696,12795,1737,321,11589,0
2026-04-17T16:22:06,15748,2950,7699,12797,1737,321,11589,0
2026-04-17T16:22:08,15748,2943,7706,12804,1737,321,11589,0
2026-04-17T16:22:09,15748,2938,7710,12809,1737,321,11589,0
2026-04-17T16:22:10,15748,2931,7718,12816,1737,321,11589,0
2026-04-17T16:22:11,15748,2936,7713,12811,1737,321,11589,0
2026-04-17T16:22:12,15748,2928,7720,12819,1737,321,11589,0
2026-04-17T16:22:13,15748,2936,7712,12811,1737,321,11589,0
2026-04-17T16:22:14,15748,2937,7711,12810,1737,321,11589,0
2026-04-17T16:22:15,15748,2932,7717,12816,1737,321,11589,0
2026-04-17T16:22:16,15748,2932,7716,12815,1737,321,11589,0
2026-04-17T16:22:17,15748,2928,7720,12819,1737,321,11589,0
2026-04-17T16:22:18,15748,2922,7726,12825,1737,321,11589,0
2026-04-17T16:22:19,15748,2932,7716,12815,1737,321,11589,0
2026-04-17T16:22:20,15748,2939,7709,12812,1737,321,11589,0
2026-04-17T16:22:21,15748,2933,7715,12814,1737,321,11589,0
2026-04-17T16:22:22,15748,2938,7710,12810,1737,321,11589,0
2026-04-17T16:22:24,15748,2942,7706,12805,1737,321,11589,0
2026-04-17T16:22:25,15748,2931,7718,12816,1737,321,11589,0
2026-04-17T16:22:26,15748,2953,7695,12794,1737,321,11589,0
2026-04-17T16:22:27,15748,2949,7699,12798,1737,321,11589,0
2026-04-17T16:22:28,15748,2946,7702,12801,1737,321,11589,0
2026-04-17T16:22:29,15748,2935,7714,12812,1737,321,11589,0
2026-04-17T16:22:30,15748,2926,7723,12822,1737,321,11589,0
2026-04-17T16:22:31,15748,2938,7710,12809,1737,321,11589,0
2026-04-17T16:22:32,15748,2920,7728,12827,1737,321,11589,0
2026-04-17T16:22:33,15748,2932,7716,12815,1737,321,11589,0
2026-04-17T16:22:34,15748,2933,7715,12814,1737,321,11589,0
2026-04-17T16:22:35,15748,2930,7718,12817,1737,321,11589,0
2026-04-17T16:22:36,15748,2921,7727,12827,1737,321,11589,0
2026-04-17T16:22:37,15748,2938,7710,12809,1737,321,11589,0
2026-04-17T16:22:39,15748,2919,7729,12828,1737,321,11589,0
2026-04-17T16:22:40,15748,2905,7743,12842,1737,321,11589,0
2026-04-17T16:22:41,15748,2912,7736,12836,1737,321,11589,0
2026-04-17T16:22:42,15748,2907,7742,12841,1737,321,11589,0
2026-04-17T16:22:43,15748,2917,7731,12830,1737,321,11589,0
2026-04-17T16:22:44,15748,2932,7716,12815,1737,321,11589,0
2026-04-17T16:22:45,15748,2932,7716,12815,1737,321,11589,0
2026-04-17T16:22:46,15748,2921,7727,12826,1737,321,11589,0
2026-04-17T16:22:47,15748,2914,7735,12833,1737,321,11589,0
2026-04-17T16:22:48,15748,2929,7719,12818,1737,321,11589,0
2026-04-17T16:22:49,15748,2927,7721,12820,1737,321,11589,0
2026-04-17T16:22:50,15748,2927,7721,12820,1737,321,11589,0
2026-04-17T16:22:51,15748,2942,7706,12805,1737,321,11589,0
2026-04-17T16:22:52,15748,2956,7692,12791,1737,321,11589,0
2026-04-17T16:22:53,15748,2929,7719,12818,1737,321,11589,0
2026-04-17T16:22:54,15748,2944,7704,12803,1737,321,11589,0
2026-04-17T16:22:56,15748,2947,7701,12800,1737,321,11589,0
2026-04-17T16:22:57,15748,2957,7692,12791,1737,321,11589,0
2026-04-17T16:22:58,15748,2925,7481,12824,1737,321,11589,0
2026-04-17T16:22:59,15748,2942,7400,12805,1737,321,11589,0
2026-04-17T16:23:00,15748,2944,7398,12803,1737,321,11589,0
2026-04-17T16:23:01,15748,2955,7387,12792,1737,321,11589,0
2026-04-17T16:23:02,15748,2958,7384,12789,1737,321,11589,0
2026-04-17T16:23:03,15748,2948,7394,12799,1737,321,11589,0
2026-04-17T16:23:04,15748,2962,7380,12785,1737,321,11589,0
2026-04-17T16:23:05,15748,2974,7368,12774,1737,321,11589,0
2026-04-17T16:23:06,15748,2991,7350,12759,1737,321,11589,0
2026-04-17T16:23:07,15748,2981,7361,12766,1737,321,11589,0
2026-04-17T16:23:08,15748,2964,7378,12783,1737,321,11589,0
2026-04-17T16:23:09,15748,2960,7382,12787,1737,321,11589,0
2026-04-17T16:23:10,15748,2954,7387,12792,1737,321,11589,0
2026-04-17T16:23:12,15748,2935,7407,12812,1737,321,11589,0
2026-04-17T16:23:13,15748,2916,7425,12831,1737,321,11589,0
2026-04-17T16:23:14,15748,2934,7408,12813,1737,321,11589,0
2026-04-17T16:23:15,15748,2942,7400,12805,1737,321,11589,0
2026-04-17T16:23:16,15748,2940,7402,12807,1737,321,11589,0
2026-04-17T16:23:17,15748,2946,7396,12801,1737,321,11589,0
2026-04-17T16:23:18,15748,2948,7394,12799,1737,321,11589,0
2026-04-17T16:23:19,15748,2954,7388,12793,1737,321,11589,0
2026-04-17T16:23:20,15748,2944,7398,12803,1737,321,11589,0
2026-04-17T16:23:21,15748,2942,7400,12805,1737,321,11589,0
2026-04-17T16:23:22,15748,2940,7402,12807,1737,321,11589,0
2026-04-17T16:23:23,15748,2952,7390,12795,1737,321,11589,0
2026-04-17T16:23:24,15748,2938,7404,12809,1737,321,11589,0
2026-04-17T16:23:25,15748,2924,7418,12824,1737,321,11589,0
2026-04-17T16:23:27,15748,2930,7412,12817,1737,321,11589,0
2026-04-17T16:23:28,15748,2932,7410,12815,1737,321,11589,0
2026-04-17T16:23:29,15748,2936,7406,12811,1737,321,11589,0
2026-04-17T16:23:30,15748,2952,7390,12795,1737,321,11589,0
2026-04-17T16:23:31,15748,2951,7390,12796,1737,321,11589,0
2026-04-17T16:23:32,15748,2944,7398,12803,1737,321,11589,0
2026-04-17T16:23:33,15748,2937,7404,12810,1737,321,11589,0
2026-04-17T16:23:34,15748,2951,7391,12796,1737,321,11589,0
2026-04-17T16:23:35,15748,2959,7383,12788,1737,321,11589,0
2026-04-17T16:23:36,15748,2942,7400,12806,1737,321,11589,0
2026-04-17T16:23:37,15748,2952,7390,12795,1737,321,11589,0
2026-04-17T16:23:38,15748,2942,7399,12805,1737,321,11589,0
2026-04-17T16:23:39,15748,2954,7387,12793,1737,321,11589,0
2026-04-17T16:23:40,15748,2945,7397,12803,1737,321,11589,0
2026-04-17T16:23:41,15748,2939,7403,12811,1737,321,11589,0
2026-04-17T16:23:42,15748,2925,7417,12822,1737,321,11589,0
2026-04-17T16:23:44,15748,2936,7406,12811,1737,321,11589,0
2026-04-17T16:23:45,15748,2942,7399,12805,1737,321,11589,0
2026-04-17T16:23:46,15748,2943,7399,12804,1737,321,11589,0
2026-04-17T16:23:47,15748,2936,7405,12811,1737,321,11589,0
2026-04-17T16:23:48,15748,2937,7405,12810,1737,321,11589,0
2026-04-17T16:23:49,15748,2939,7403,12808,1737,321,11589,0
2026-04-17T16:23:50,15748,2940,7401,12807,1737,321,11589,0
2026-04-17T16:23:51,15748,2943,7398,12804,1737,321,11589,0
2026-04-17T16:23:52,15748,2955,7386,12792,1737,321,11589,0
2026-04-17T16:23:53,15748,2974,7368,12774,1737,321,11589,0
2026-04-17T16:23:54,15748,2963,7379,12784,1737,321,11589,0
2026-04-17T16:23:55,15748,2949,7393,12798,1737,321,11589,0
2026-04-17T16:23:56,15748,2932,7410,12815,1737,321,11589,0
2026-04-17T16:23:57,15748,2927,7415,12820,1737,321,11589,0
2026-04-17T16:23:58,15748,2937,7405,12810,1737,321,11589,0
2026-04-17T16:24:00,15748,2938,7404,12809,1737,321,11589,0
2026-04-17T16:24:01,15748,2934,7407,12813,1737,321,11589,0
2026-04-17T16:24:02,15748,2931,7410,12815,1737,321,11589,0
2026-04-17T16:24:03,15748,2930,7412,12818,1737,321,11589,0
2026-04-17T16:24:04,15748,2931,7411,12816,1737,321,11589,0
2026-04-17T16:24:05,15748,2925,7417,12822,1737,321,11589,0
2026-04-17T16:24:06,15748,2922,7420,12825,1737,321,11589,0
2026-04-17T16:24:07,15748,2922,7420,12825,1737,321,11589,0
2026-04-17T16:24:08,15748,2935,7406,12812,1737,321,11589,0
2026-04-17T16:24:09,15748,2932,7410,12815,1737,321,11589,0
2026-04-17T16:24:10,15748,2920,7422,12827,1737,321,11589,0
2026-04-17T16:24:11,15748,2914,7427,12833,1737,321,11589,0
2026-04-17T16:24:12,15748,2914,7427,12833,1737,321,11589,0
2026-04-17T16:24:13,15748,2908,7434,12840,1737,321,11589,0
2026-04-17T16:24:14,15748,2923,7419,12825,1737,321,11589,0
2026-04-17T16:24:16,15748,2928,7413,12819,1737,321,11589,0
2026-04-17T16:24:17,15748,2944,7398,12803,1737,321,11589,0
2026-04-17T16:24:18,15748,2936,7405,12811,1737,321,11589,0
2026-04-17T16:24:19,15748,2950,7392,12797,1737,321,11589,0
2026-04-17T16:24:20,15748,2949,7393,12798,1737,321,11589,0
2026-04-17T16:24:21,15748,2941,7401,12806,1737,321,11589,0
2026-04-17T16:24:22,15748,2933,7409,12814,1737,321,11589,0
2026-04-17T16:24:23,15748,2931,7411,12816,1737,321,11589,0
2026-04-17T16:24:24,15748,2927,7415,12821,1737,321,11589,0
2026-04-17T16:24:25,15748,2927,7414,12820,1737,321,11589,0
2026-04-17T16:24:26,15748,2934,7407,12813,1737,321,11589,0
2026-04-17T16:24:27,15748,2925,7416,12822,1737,321,11589,0
2026-04-17T16:24:28,15748,2925,7417,12822,1737,321,11589,0
2026-04-17T16:24:29,15748,2928,7413,12819,1737,321,11589,0
2026-04-17T16:24:30,15748,2933,7408,12814,1737,321,11589,0
2026-04-17T16:24:32,15748,2934,7408,12813,1737,321,11589,0
2026-04-17T16:24:33,15748,2928,7414,12820,1737,321,11589,0
2026-04-17T16:24:34,15748,2921,7420,12826,1737,321,11589,0
2026-04-17T16:24:35,15748,2927,7415,12820,1737,321,11589,0
2026-04-17T16:24:36,15748,2941,7401,12806,1737,321,11589,0
2026-04-17T16:24:37,15748,2933,7409,12814,1737,321,11589,0
2026-04-17T16:24:38,15748,2938,7404,12809,1737,321,11589,0
2026-04-17T16:24:39,15748,2941,7401,12806,1737,321,11589,0
2026-04-17T16:24:40,15748,2948,7394,12799,1737,321,11589,0
2026-04-17T16:24:41,15748,2952,7389,12795,1737,321,11589,0
2026-04-17T16:24:42,15748,2941,7401,12807,1737,321,11589,0
2026-04-17T16:24:43,15748,2941,7401,12806,1737,321,11589,0
2026-04-17T16:24:44,15748,2942,7400,12810,1737,321,11589,0
2026-04-17T16:24:45,15748,2929,7412,12818,1737,321,11589,0
2026-04-17T16:24:46,15748,2944,7398,12803,1737,321,11589,0
2026-04-17T16:24:48,15748,2957,7385,12790,1737,321,11589,0
2026-04-17T16:24:49,15748,2939,7402,12808,1737,321,11589,0
2026-04-17T16:24:50,15748,2932,7410,12815,1737,321,11589,0
2026-04-17T16:24:51,15748,2943,7398,12803,1737,321,11589,0
2026-04-17T16:24:52,15748,2958,7375,12789,1737,321,11589,0
2026-04-17T16:24:53,15748,2975,7355,12772,1737,321,11589,0
2026-04-17T16:24:54,15748,2984,7346,12763,1737,321,11589,0
2026-04-17T16:24:55,15748,2964,7364,12783,1737,321,11589,0
2026-04-17T16:24:56,15748,2977,7351,12770,1737,321,11589,0
2026-04-17T16:24:57,15748,3094,7234,12653,1737,321,11589,0
2026-04-17T16:24:58,15748,3242,7065,12505,1735,321,11589,0
2026-04-17T16:24:59,15748,3253,7034,12494,1734,321,11589,0
2026-04-17T16:25:00,15748,3280,7006,12467,1734,321,11589,0
2026-04-17T16:25:01,15748,3284,7003,12463,1734,321,11589,0
2026-04-17T16:25:02,15748,3302,6985,12445,1734,321,11589,0
2026-04-17T16:25:04,15748,3304,6982,12443,1734,321,11589,0
2026-04-17T16:25:05,15748,3309,6978,12438,1734,321,11589,0
2026-04-17T16:25:06,15748,3307,6980,12440,1734,321,11589,0
2026-04-17T16:25:07,15748,3317,6970,12430,1734,321,11589,0
2026-04-17T16:25:08,15748,3334,6953,12414,1734,321,11589,0
2026-04-17T16:25:09,15748,3325,6961,12422,1734,321,11589,0
2026-04-17T16:25:10,15748,3325,6961,12422,1734,321,11589,0
2026-04-17T16:25:11,15748,3308,6978,12439,1734,321,11589,0
2026-04-17T16:25:12,15748,3276,7011,12471,1734,321,11589,0
2026-04-17T16:25:13,15748,3251,7036,12496,1734,321,11589,0
2026-04-17T16:25:14,15748,3254,7032,12493,1734,321,11589,0
2026-04-17T16:25:15,15748,3250,7036,12497,1734,321,11589,0
2026-04-17T16:25:16,15748,3252,7035,12499,1734,321,11589,0
2026-04-17T16:25:17,15748,3262,7024,12485,1734,321,11589,0
2026-04-17T16:25:18,15748,3273,7013,12474,1734,321,11589,0
2026-04-17T16:25:20,15748,3265,7022,12482,1734,321,11589,0
2026-04-17T16:25:21,15748,3268,7018,12479,1734,321,11589,0
2026-04-17T16:25:22,15748,3248,7038,12499,1734,321,11589,0
2026-04-17T16:25:23,15748,3253,7033,12494,1734,321,11589,0
2026-04-17T16:25:24,15748,3242,7044,12505,1734,321,11589,0
2026-04-17T16:25:25,15748,3244,7042,12503,1734,321,11589,0
2026-04-17T16:25:26,15748,3240,7046,12507,1734,321,11589,0
2026-04-17T16:25:27,15748,3237,7049,12510,1734,321,11589,0
2026-04-17T16:25:28,15748,3240,7046,12507,1734,321,11589,0
2026-04-17T16:25:29,15748,3227,7060,12520,1734,321,11589,0
2026-04-17T16:25:30,15748,3238,7049,12509,1734,321,11589,0
2026-04-17T16:25:31,15748,3251,7035,12496,1734,321,11589,0
2026-04-17T16:25:32,15748,3247,7040,12501,1734,321,11589,0
2026-04-17T16:25:33,15748,3254,7032,12493,1734,321,11589,0
2026-04-17T16:25:34,15748,3258,7028,12489,1734,321,11589,0
2026-04-17T16:25:36,15748,3262,7024,12486,1734,321,11589,0
2026-04-17T16:25:37,15748,3267,7019,12480,1734,321,11589,0
2026-04-17T16:25:38,15748,3262,7024,12485,1734,321,11589,0
2026-04-17T16:25:39,15748,3273,7013,12474,1734,321,11589,0
2026-04-17T16:25:40,15748,3278,7008,12469,1734,321,11589,0
2026-04-17T16:25:41,15748,3257,7029,12490,1734,321,11589,0
2026-04-17T16:25:42,15748,3267,7020,12482,1734,321,11589,0
2026-04-17T16:25:43,15748,3254,7032,12493,1734,321,11589,0
2026-04-17T16:25:44,15748,3244,7042,12503,1734,321,11589,0
2026-04-17T16:25:45,15748,3251,7035,12496,1734,321,11589,0
2026-04-17T16:25:46,15748,3254,7032,12493,1734,321,11589,0
2026-04-17T16:25:47,15748,3267,7019,12480,1734,321,11589,0
2026-04-17T16:25:48,15748,3258,7028,12489,1734,321,11589,0
2026-04-17T16:25:49,15748,3247,7039,12502,1734,321,11589,0
2026-04-17T16:25:50,15748,3254,7032,12493,1734,321,11589,0
2026-04-17T16:25:52,15748,3248,7038,12499,1734,321,11589,0
2026-04-17T16:25:53,15748,3238,7048,12509,1734,321,11589,0
2026-04-17T16:25:54,15748,3241,7046,12507,1734,321,11589,0
2026-04-17T16:25:55,15748,3225,7061,12522,1734,321,11589,0
2026-04-17T16:25:56,15748,3213,7073,12534,1734,321,11589,0
2026-04-17T16:25:57,15748,3211,7075,12536,1734,321,11589,0
2026-04-17T16:25:58,15748,3232,7055,12515,1734,321,11589,0
2026-04-17T16:25:59,15748,3237,7049,12510,1734,321,11589,0
2026-04-17T16:26:00,15748,3237,7049,12510,1734,321,11589,0
2026-04-17T16:26:01,15748,3251,7035,12496,1734,321,11589,0
2026-04-17T16:26:02,15748,3237,7049,12511,1734,321,11589,0
2026-04-17T16:26:03,15748,3232,7054,12515,1734,321,11589,0
2026-04-17T16:26:04,15748,3222,7064,12525,1734,321,11589,0
2026-04-17T16:26:05,15748,3239,7048,12509,1734,321,11589,0
2026-04-17T16:26:06,15748,3475,6811,12272,1734,321,11589,0
2026-04-17T16:26:08,15748,3489,6797,12258,1734,321,11589,0
2026-04-17T16:26:09,15748,3488,6798,12260,1734,321,11589,0
2026-04-17T16:26:10,15748,3497,6789,12250,1734,321,11589,0
2026-04-17T16:26:11,15748,3506,6780,12241,1734,321,11589,0
2026-04-17T16:26:12,15748,3517,6769,12230,1734,321,11589,0
2026-04-17T16:26:13,15748,3502,6784,12245,1734,321,11589,0
2026-04-17T16:26:14,15748,3486,6800,12261,1734,321,11589,0
2026-04-17T16:26:15,15748,3490,6796,12257,1734,321,11589,0
2026-04-17T16:26:16,15748,3472,6814,12276,1734,321,11589,0
2026-04-17T16:26:17,15748,3455,6831,12292,1734,321,11589,0
2026-04-17T16:26:18,15748,3457,6829,12290,1734,321,11589,0
2026-04-17T16:26:19,15748,3456,6829,12291,1734,321,11589,0
2026-04-17T16:26:20,15748,3443,6843,12304,1734,321,11589,0
2026-04-17T16:26:21,15748,3427,6859,12320,1734,321,11589,0
2026-04-17T16:26:23,15748,3429,6857,12318,1734,321,11589,0
2026-04-17T16:26:24,15748,3429,6857,12318,1734,321,11589,0
2026-04-17T16:26:25,15748,3415,6871,12332,1734,321,11589,0
2026-04-17T16:26:26,15748,3498,6788,12249,1734,321,11589,0
2026-04-17T16:26:27,15748,3486,6800,12261,1734,321,11589,0
2026-04-17T16:26:28,15748,3489,6797,12258,1734,321,11589,0
2026-04-17T16:26:29,15748,3489,6797,12258,1734,321,11589,0
2026-04-17T16:26:30,15748,3484,6801,12263,1734,321,11589,0
2026-04-17T16:26:31,15748,3475,6811,12272,1734,321,11589,0
2026-04-17T16:26:32,15748,3470,6816,12277,1734,321,11589,0
2026-04-17T16:26:33,15748,3492,6794,12256,1734,321,11589,0
2026-04-17T16:26:34,15748,3481,6805,12266,1734,321,11589,0
2026-04-17T16:26:35,15748,3464,6822,12283,1734,321,11589,0
2026-04-17T16:26:36,15748,3465,6821,12283,1734,321,11589,0
2026-04-17T16:26:37,15748,3266,7020,12481,1734,321,11589,0
2026-04-17T16:26:39,15748,3262,7024,12485,1734,321,11589,0
2026-04-17T16:26:40,15748,3244,7041,12503,1734,321,11589,0
2026-04-17T16:26:41,15748,3252,7034,12495,1734,321,11589,0
2026-04-17T16:26:42,15748,3263,7023,12484,1734,321,11589,0
2026-04-17T16:26:43,15748,3253,7033,12494,1734,321,11589,0
2026-04-17T16:26:44,15748,3259,7027,12488,1734,321,11589,0
2026-04-17T16:26:45,15748,3270,7016,12477,1734,321,11589,0
2026-04-17T16:26:46,15748,3252,7034,12495,1734,321,11589,0
2026-04-17T16:26:47,15748,3264,7021,12483,1734,321,11589,0
2026-04-17T16:26:48,15748,3251,7035,12496,1734,321,11589,0
2026-04-17T16:26:49,15748,3245,7041,12502,1734,321,11589,0
2026-04-17T16:26:50,15748,3237,7049,12511,1734,321,11589,0
2026-04-17T16:26:51,15748,3242,7044,12505,1734,321,11589,0
2026-04-17T16:26:52,15748,3260,7025,12487,1734,321,11589,0
2026-04-17T16:26:54,15748,3249,7037,12500,1734,321,11589,0
2026-04-17T16:26:55,15748,3249,7037,12498,1734,321,11589,0
2026-04-17T16:26:56,15748,3229,7057,12518,1734,321,11589,0
2026-04-17T16:26:57,15748,3231,7055,12517,1734,321,11589,0
2026-04-17T16:26:58,15748,3238,7048,12509,1734,321,11589,0
2026-04-17T16:26:59,15748,3227,7059,12520,1734,321,11589,0
2026-04-17T16:27:00,15748,3239,7046,12508,1734,321,11589,0
2026-04-17T16:27:01,15748,3225,7061,12522,1734,321,11589,0
2026-04-17T16:27:02,15748,3241,7045,12506,1734,321,11589,0
2026-04-17T16:27:03,15748,3222,7064,12526,1734,321,11589,0
2026-04-17T16:27:04,15748,3236,7050,12512,1734,321,11589,0
2026-04-17T16:27:05,15748,3235,7051,12512,1734,321,11589,0
2026-04-17T16:27:06,15748,3246,7039,12501,1734,321,11589,0
2026-04-17T16:27:07,15748,3233,7053,12514,1734,321,11589,0
2026-04-17T16:27:09,15748,3219,7067,12528,1734,321,11589,0
2026-04-17T16:27:10,15748,3225,7061,12522,1734,321,11589,0
2026-04-17T16:27:11,15748,3230,7056,12517,1734,321,11589,0
2026-04-17T16:27:12,15748,3228,7057,12519,1734,321,11589,0
2026-04-17T16:27:13,15748,3242,7043,12505,1734,321,11589,0
2026-04-17T16:27:14,15748,3240,7046,12507,1734,321,11589,0
2026-04-17T16:27:15,15748,3256,7030,12492,1734,321,11589,0
2026-04-17T16:27:16,15748,3242,7044,12505,1734,321,11589,0
2026-04-17T16:27:17,15748,3233,7053,12514,1734,321,11589,0
2026-04-17T16:27:18,15748,3231,7054,12516,1734,321,11589,0
2026-04-17T16:27:19,15748,3226,7059,12521,1734,321,11589,0
2026-04-17T16:27:20,15748,3239,7047,12508,1734,321,11589,0
2026-04-17T16:27:21,15748,3252,7034,12495,1734,321,11589,0
2026-04-17T16:27:22,15748,3240,7046,12507,1734,321,11589,0
2026-04-17T16:27:23,15748,3253,7032,12494,1734,321,11589,0
2026-04-17T16:27:25,15748,3259,7027,12488,1734,321,11589,0
2026-04-17T16:27:26,15748,3255,7030,12492,1734,321,11589,0
2026-04-17T16:27:27,15748,3267,7019,12480,1734,321,11589,0
2026-04-17T16:27:28,15748,3257,7029,12491,1734,321,11589,0
2026-04-17T16:27:29,15748,3245,7041,12502,1734,321,11589,0
2026-04-17T16:27:30,15748,3238,7048,12509,1734,321,11589,0
2026-04-17T16:27:31,15748,3238,7048,12509,1734,321,11589,0
2026-04-17T16:27:32,15748,3234,7051,12513,1734,321,11589,0
2026-04-17T16:27:33,15748,3252,7034,12495,1734,321,11589,0
2026-04-17T16:27:34,15748,3236,7049,12511,1734,321,11589,0
2026-04-17T16:27:35,15748,3244,7041,12503,1734,321,11589,0
2026-04-17T16:27:36,15748,3239,7047,12508,1734,321,11589,0
2026-04-17T16:27:37,15748,3240,7045,12507,1734,321,11589,0
2026-04-17T16:27:38,15748,3249,7036,12497,1734,321,11589,0
2026-04-17T16:27:39,15748,3256,7030,12492,1734,321,11589,0
2026-04-17T16:27:41,15748,3275,7010,12472,1734,321,11589,0
2026-04-17T16:27:42,15748,3267,7019,12481,1734,321,11589,0
2026-04-17T16:27:43,15748,3270,7016,12477,1734,321,11589,0
2026-04-17T16:27:44,15748,3258,7028,12490,1734,321,11589,0
2026-04-17T16:27:45,15748,3249,7036,12498,1734,321,11589,0
2026-04-17T16:27:46,15748,3274,7011,12473,1734,321,11589,0
2026-04-17T16:27:47,15748,3251,7035,12496,1734,321,11589,0
2026-04-17T16:27:48,15748,3250,7035,12497,1734,321,11589,0
2026-04-17T16:27:49,15748,3240,7045,12507,1734,321,11589,0
2026-04-17T16:27:50,15748,3241,7044,12506,1734,321,11589,0
2026-04-17T16:27:51,15748,3243,7037,12525,1734,321,11589,0
2026-04-17T16:27:52,15748,3215,7063,12532,1734,321,11589,0
2026-04-17T16:27:53,15748,3222,7055,12524,1734,321,11589,0
2026-04-17T16:27:54,15748,3222,7054,12525,1734,321,11589,0
2026-04-17T16:27:55,15748,3229,7048,12518,1734,321,11589,0
2026-04-17T16:27:56,15748,3233,7044,12514,1734,321,11589,0
2026-04-17T16:27:58,15748,3242,7035,12505,1734,321,11589,0
2026-04-17T16:27:59,15748,3223,7054,12524,1734,321,11589,0
2026-04-17T16:28:00,15748,3233,7044,12514,1734,321,11589,0
2026-04-17T16:28:01,15748,3217,7060,12530,1734,321,11589,0
2026-04-17T16:28:02,15748,3222,7055,12525,1734,321,11589,0
2026-04-17T16:28:03,15748,3224,7052,12523,1734,321,11589,0
2026-04-17T16:28:04,15748,3226,7051,12522,1734,321,11589,0
2026-04-17T16:28:05,15748,3241,7036,12506,1734,321,11589,0
2026-04-17T16:28:06,15748,3241,7036,12506,1734,321,11589,0
2026-04-17T16:28:07,15748,3234,7043,12513,1734,321,11589,0
2026-04-17T16:28:08,15748,3235,7042,12512,1734,321,11589,0
2026-04-17T16:28:09,15748,3230,7047,12518,1734,321,11589,0
2026-04-17T16:28:10,15748,3223,7054,12525,1734,321,11589,0
2026-04-17T16:28:11,15748,3231,7046,12517,1734,321,11589,0
2026-04-17T16:28:12,15748,3207,7069,12540,1734,321,11589,0
2026-04-17T16:28:14,15748,3215,7062,12532,1734,321,11589,0
2026-04-17T16:28:15,15748,3228,7049,12519,1734,321,11589,0
2026-04-17T16:28:16,15748,3248,7028,12499,1734,321,11589,0
2026-04-17T16:28:17,15748,3244,7033,12503,1734,321,11589,0
2026-04-17T16:28:18,15748,3248,7029,12499,1734,321,11589,0
2026-04-17T16:28:19,15748,3263,7014,12484,1734,321,11589,0
2026-04-17T16:28:20,15748,3247,7029,12500,1734,321,11589,0
2026-04-17T16:28:21,15748,3262,7015,12485,1734,321,11589,0
2026-04-17T16:28:22,15748,3251,7026,12497,1734,321,11589,0
2026-04-17T16:28:23,15748,3247,7030,12501,1734,321,11589,0
2026-04-17T16:28:24,15748,3243,7033,12504,1734,321,11589,0
2026-04-17T16:28:25,15748,3253,7023,12494,1734,321,11589,0
2026-04-17T16:28:26,15748,3237,7040,12511,1734,321,11589,0
2026-04-17T16:28:27,15748,3240,7036,12507,1734,321,11589,0
2026-04-17T16:28:28,15748,3227,7050,12519,1734,321,11589,0
2026-04-17T16:28:30,15748,3232,7045,12515,1734,321,11589,0
2026-04-17T16:28:31,15748,3223,7054,12524,1734,321,11589,0
2026-04-17T16:28:32,15748,3235,7042,12512,1734,321,11589,0
2026-04-17T16:28:33,15748,3213,7064,12534,1734,321,11589,0
2026-04-17T16:28:34,15748,3225,7052,12522,1734,321,11589,0
2026-04-17T16:28:35,15748,3222,7055,12525,1734,321,11589,0
2026-04-17T16:28:36,15748,3226,7051,12521,1734,321,11589,0
2026-04-17T16:28:37,15748,3247,7030,12500,1734,321,11589,0
2026-04-17T16:28:38,15748,3251,7025,12496,1734,321,11589,0
2026-04-17T16:28:39,15748,3246,7031,12502,1734,321,11589,0
2026-04-17T16:28:40,15748,3249,7028,12498,1734,321,11589,0
2026-04-17T16:28:41,15748,3249,7028,12499,1734,321,11589,0
2026-04-17T16:28:42,15748,3243,7034,12505,1734,321,11589,0
2026-04-17T16:28:43,15748,3250,7026,12497,1734,321,11589,0
2026-04-17T16:28:44,15748,3261,7016,12486,1734,321,11589,0
2026-04-17T16:28:46,15748,3235,7042,12512,1732,321,11589,0
2026-04-17T16:28:47,15748,3216,7060,12531,1732,321,11589,0
2026-04-17T16:28:48,15748,3215,7061,12532,1732,321,11589,0
2026-04-17T16:28:49,15748,3218,7059,12529,1732,321,11589,0
2026-04-17T16:28:50,15748,3218,7058,12529,1732,321,11589,0
2026-04-17T16:28:51,15748,3223,7053,12524,1732,321,11589,0
2026-04-17T16:28:52,15748,3220,7057,12527,1732,321,11589,0
2026-04-17T16:28:53,15748,3231,7046,12517,1732,321,11589,0
2026-04-17T16:28:54,15748,3221,7055,12526,1732,321,11589,0
2026-04-17T16:28:55,15748,3208,7069,12539,1732,321,11589,0
2026-04-17T16:28:56,15748,3227,7049,12520,1732,321,11589,0
2026-04-17T16:28:57,15748,3221,7055,12526,1732,321,11589,0
2026-04-17T16:28:58,15748,3232,7044,12515,1732,321,11589,0
2026-04-17T16:28:59,15748,3232,7045,12515,1732,321,11589,0
2026-04-17T16:29:00,15748,3227,7049,12520,1732,321,11589,0
2026-04-17T16:29:02,15748,3245,7032,12503,1732,321,11589,0
2026-04-17T16:29:03,15748,3260,7017,12488,1732,321,11589,0
2026-04-17T16:29:04,15748,3258,7018,12489,1732,321,11589,0
2026-04-17T16:29:05,15748,3267,7009,12480,1732,321,11589,0
2026-04-17T16:29:06,15748,3252,7025,12496,1732,321,11589,0
2026-04-17T16:29:07,15748,3251,7026,12496,1732,321,11589,0
2026-04-17T16:29:08,15748,3233,7043,12514,1732,321,11589,0
2026-04-17T16:29:09,15748,3231,7045,12516,1732,321,11589,0
2026-04-17T16:29:10,15748,3229,7047,12518,1732,321,11589,0
2026-04-17T16:29:11,15748,3248,7028,12499,1732,321,11589,0
2026-04-17T16:29:12,15748,3249,7027,12498,1732,321,11589,0
2026-04-17T16:29:13,15748,3237,7040,12510,1732,321,11589,0
2026-04-17T16:29:14,15748,3216,7061,12531,1732,321,11589,0
2026-04-17T16:29:15,15748,3213,7064,12534,1732,321,11589,0
2026-04-17T16:29:17,15748,3217,7059,12530,1732,321,11589,0
2026-04-17T16:29:18,15748,3219,7057,12528,1732,321,11589,0
2026-04-17T16:29:19,15748,3234,7043,12513,1732,321,11589,0
2026-04-17T16:29:20,15748,3229,7047,12518,1732,321,11589,0
2026-04-17T16:29:21,15748,3228,7048,12519,1732,321,11589,0
2026-04-17T16:29:22,15748,3240,7036,12507,1732,321,11589,0
2026-04-17T16:29:23,15748,3226,7050,12521,1732,321,11589,0
2026-04-17T16:29:24,15748,3209,7067,12538,1732,321,11589,0
2026-04-17T16:29:25,15748,3221,7055,12526,1732,321,11589,0
2026-04-17T16:29:26,15748,3226,7051,12521,1732,321,11589,0
2026-04-17T16:29:27,15748,3220,7057,12527,1732,321,11589,0
2026-04-17T16:29:28,15748,3216,7060,12531,1732,321,11589,0
2026-04-17T16:29:29,15748,3212,7064,12538,1732,321,11589,0
2026-04-17T16:29:30,15748,3213,7063,12534,1732,321,11589,0
2026-04-17T16:29:31,15748,3221,7055,12526,1732,321,11589,0
2026-04-17T16:29:33,15748,3235,7041,12512,1732,321,11589,0
2026-04-17T16:29:34,15748,3241,7035,12506,1732,321,11589,0
2026-04-17T16:29:35,15748,3227,7049,12520,1732,321,11589,0
2026-04-17T16:29:36,15748,3230,7046,12517,1732,321,11589,0
2026-04-17T16:29:37,15748,3222,7054,12525,1732,321,11589,0
2026-04-17T16:29:38,15748,3243,7034,12504,1732,321,11589,0
2026-04-17T16:29:39,15748,3240,7036,12507,1732,321,11589,0
2026-04-17T16:29:40,15748,3251,7025,12496,1732,321,11589,0
2026-04-17T16:29:41,15748,3260,7016,12487,1732,321,11589,0
2026-04-17T16:29:42,15748,3244,7032,12503,1732,321,11589,0
2026-04-17T16:29:43,15748,3233,7043,12514,1732,321,11589,0
2026-04-17T16:29:44,15748,3240,7036,12507,1732,321,11589,0
2026-04-17T16:29:45,15748,3233,7043,12514,1732,321,11589,0
2026-04-17T16:29:46,15748,3216,7061,12532,1732,321,11589,0
2026-04-17T16:29:47,15748,3228,7049,12520,1732,321,11589,0
2026-04-17T16:29:49,15748,3229,7047,12518,1732,321,11589,0
2026-04-17T16:29:50,15748,3226,7051,12521,1732,321,11589,0
2026-04-17T16:29:51,15748,3216,7060,12531,1732,321,11589,0
2026-04-17T16:29:52,15748,3217,7059,12530,1732,321,11589,0
2026-04-17T16:29:53,15748,3223,7053,12524,1732,321,11589,0
2026-04-17T16:29:54,15748,3222,7054,12525,1732,321,11589,0
2026-04-17T16:29:55,15748,3244,7032,12503,1732,321,11589,0
2026-04-17T16:29:56,15748,3242,7034,12505,1732,321,11589,0
2026-04-17T16:29:57,15748,3231,7045,12516,1732,321,11589,0
2026-04-17T16:29:58,15748,3214,7062,12533,1732,321,11589,0
2026-04-17T16:29:59,15748,3227,7049,12520,1732,321,11589,0
2026-04-17T16:30:00,15748,3232,7044,12515,1732,321,11589,0
2026-04-17T16:30:01,15748,3227,7049,12521,1732,321,11589,0
2026-04-17T16:30:02,15748,3213,7063,12535,1732,321,11589,0
2026-04-17T16:30:03,15748,3206,7070,12541,1732,321,11589,0
2026-04-17T16:30:04,15748,3186,7090,12561,1732,321,11589,0
2026-04-17T16:30:06,15748,3202,7075,12546,1732,321,11589,0
2026-04-17T16:30:07,15748,3217,7059,12530,1732,321,11589,0
2026-04-17T16:30:08,15748,3199,7078,12548,1732,321,11589,0
2026-04-17T16:30:09,15748,3207,7070,12540,1732,321,11589,0
2026-04-17T16:30:10,15748,3218,7059,12529,1732,321,11589,0
2026-04-17T16:30:11,15748,3220,7056,12527,1732,321,11589,0
2026-04-17T16:30:12,15748,3225,7052,12523,1732,321,11589,0
2026-04-17T16:30:13,15748,3225,7052,12522,1732,321,11589,0
2026-04-17T16:30:14,15748,3219,7058,12528,1732,321,11589,0
2026-04-17T16:30:15,15748,3224,7052,12523,1732,321,11589,0
2026-04-17T16:30:16,15748,3223,7053,12524,1732,321,11589,0
2026-04-17T16:30:17,15748,3221,7056,12529,1732,321,11589,0
2026-04-17T16:30:18,15748,3233,7043,12515,1732,321,11589,0
2026-04-17T16:30:19,15748,3238,7038,12509,1732,321,11589,0
2026-04-17T16:30:21,15748,3226,7051,12521,1732,321,11589,0
2026-04-17T16:30:22,15748,3228,7048,12519,1732,321,11589,0
2026-04-17T16:30:23,15748,3226,7050,12521,1732,321,11589,0
2026-04-17T16:30:24,15748,3226,7051,12521,1732,321,11589,0
2026-04-17T16:30:25,15748,3234,7043,12514,1732,321,11589,0
2026-04-17T16:30:26,15748,3238,7039,12509,1732,321,11589,0
2026-04-17T16:30:27,15748,3253,7023,12494,1732,321,11589,0
2026-04-17T16:30:28,15748,3265,7011,12482,1732,321,11589,0
2026-04-17T16:30:29,15748,3254,7022,12493,1732,321,11589,0
2026-04-17T16:30:30,15748,3261,7015,12486,1732,321,11589,0
2026-04-17T16:30:31,15748,3267,7010,12480,1732,321,11589,0
2026-04-17T16:30:32,15748,3252,7025,12496,1732,321,11589,0
2026-04-17T16:30:33,15748,3238,7038,12509,1732,321,11589,0
2026-04-17T16:30:34,15748,3235,7041,12512,1732,321,11589,0
2026-04-17T16:30:35,15748,3250,7026,12497,1732,321,11589,0
2026-04-17T16:30:37,15748,3261,7015,12486,1732,321,11589,0
2026-04-17T16:30:38,15748,3261,7015,12486,1732,321,11589,0
2026-04-17T16:30:39,15748,3254,7022,12493,1732,321,11589,0
2026-04-17T16:30:40,15748,3263,7013,12484,1732,321,11589,0
2026-04-17T16:30:41,15748,3283,6994,12464,1732,321,11589,0
2026-04-17T16:30:42,15748,3262,7014,12485,1732,321,11589,0
2026-04-17T16:30:43,15748,3260,7016,12487,1732,321,11589,0
2026-04-17T16:30:44,15748,3249,7028,12498,1732,321,11589,0
2026-04-17T16:30:45,15748,3232,7045,12515,1732,321,11589,0
2026-04-17T16:30:46,15748,3242,7035,12505,1732,321,11589,0
2026-04-17T16:30:47,15748,3249,7028,12499,1732,321,11589,0
2026-04-17T16:30:48,15748,3237,7039,12510,1732,321,11589,0
2026-04-17T16:30:49,15748,3221,7056,12527,1732,321,11589,0
2026-04-17T16:30:50,15748,3232,7044,12515,1732,321,11589,0
2026-04-17T16:30:51,15748,3254,7022,12497,1732,321,11589,0
2026-04-17T16:30:53,15748,3246,7030,12500,1732,321,11589,0
2026-04-17T16:30:54,15748,3246,7030,12501,1732,321,11589,0
2026-04-17T16:30:55,15748,3260,7016,12487,1732,321,11589,0
2026-04-17T16:30:56,15748,3256,7020,12491,1732,321,11589,0
2026-04-17T16:30:57,15748,3240,7036,12507,1732,321,11589,0
2026-04-17T16:30:58,15748,3251,7026,12496,1732,321,11589,0
2026-04-17T16:30:59,15748,3247,7029,12500,1732,321,11589,0
2026-04-17T16:31:00,15748,3250,7027,12497,1732,321,11589,0
2026-04-17T16:31:01,15748,3236,7040,12511,1732,321,11589,0
2026-04-17T16:31:02,15748,3242,7035,12505,1732,321,11589,0
2026-04-17T16:31:03,15748,3240,7036,12507,1732,321,11589,0
2026-04-17T16:31:04,15748,3233,7044,12514,1732,321,11589,0
2026-04-17T16:31:05,15748,3239,7038,12508,1732,321,11589,0
2026-04-17T16:31:06,15748,3249,7028,12498,1732,321,11589,0
2026-04-17T16:31:07,15748,3241,7036,12506,1732,321,11589,0
2026-04-17T16:31:09,15748,3206,7070,12541,1732,321,11589,0
2026-04-17T16:31:10,15748,3206,7070,12541,1732,321,11589,0
2026-04-17T16:31:11,15748,3227,7049,12520,1732,321,11589,0
2026-04-17T16:31:12,15748,3236,7040,12511,1732,321,11589,0
2026-04-17T16:31:13,15748,3258,7018,12489,1732,321,11589,0
2026-04-17T16:31:14,15748,3261,7015,12486,1732,321,11589,0
2026-04-17T16:31:15,15748,3238,7038,12509,1732,321,11589,0
2026-04-17T16:31:16,15748,3245,7032,12503,1732,321,11589,0
2026-04-17T16:31:17,15748,3255,7021,12492,1732,321,11589,0
2026-04-17T16:31:18,15748,3257,7020,12491,1732,321,11589,0
2026-04-17T16:31:19,15748,3248,7028,12499,1732,321,11589,0
2026-04-17T16:31:20,15748,3248,7028,12499,1732,321,11589,0
2026-04-17T16:31:21,15748,3242,7035,12505,1732,321,11589,0
2026-04-17T16:31:22,15748,3244,7033,12504,1732,321,11589,0
2026-04-17T16:31:24,15748,3251,7025,12496,1732,321,11589,0
2026-04-17T16:31:25,15748,3237,7039,12510,1732,321,11589,0
2026-04-17T16:31:26,15748,3227,7049,12520,1732,321,11589,0
2026-04-17T16:31:27,15748,3237,7040,12511,1732,321,11589,0
2026-04-17T16:31:28,15748,3240,7036,12507,1732,321,11589,0
2026-04-17T16:31:29,15748,3244,7032,12503,1732,321,11589,0
2026-04-17T16:31:30,15748,3239,7038,12508,1732,321,11589,0
2026-04-17T16:31:31,15748,3227,7049,12520,1732,321,11589,0
2026-04-17T16:31:32,15748,3232,7044,12515,1732,321,11589,0
2026-04-17T16:31:33,15748,3249,7027,12498,1732,321,11589,0
2026-04-17T16:31:34,15748,3253,7023,12494,1732,321,11589,0
2026-04-17T16:31:35,15748,3265,7012,12483,1732,321,11589,0
2026-04-17T16:31:36,15748,3258,7019,12490,1732,321,11589,0
2026-04-17T16:31:37,15748,3248,7028,12500,1732,321,11589,0
2026-04-17T16:31:38,15748,3241,7035,12507,1732,321,11589,0
2026-04-17T16:31:40,15748,3247,7029,12500,1732,321,11589,0
2026-04-17T16:31:41,15748,3245,7031,12502,1732,321,11589,0
2026-04-17T16:31:42,15748,3259,7017,12488,1732,321,11589,0
2026-04-17T16:31:43,15748,3256,7020,12491,1732,321,11589,0
2026-04-17T16:31:44,15748,3265,7011,12483,1732,321,11589,0
2026-04-17T16:31:45,15748,3260,7016,12488,1732,321,11589,0
2026-04-17T16:31:46,15748,3268,7008,12478,1732,321,11589,0
2026-04-17T16:31:47,15748,3251,7025,12496,1732,321,11589,0
2026-04-17T16:31:48,15748,3247,7029,12500,1732,321,11589,0
2026-04-17T16:31:49,15748,3245,7031,12502,1732,321,11589,0
2026-04-17T16:31:50,15748,3230,7046,12518,1732,321,11589,0
2026-04-17T16:31:51,15748,3219,7057,12529,1732,321,11589,0
2026-04-17T16:31:52,15748,3204,7072,12543,1732,321,11589,0
2026-04-17T16:31:53,15748,3217,7059,12530,1732,321,11589,0
2026-04-17T16:31:54,15748,3226,7050,12521,1732,321,11589,0
2026-04-17T16:31:56,15748,3240,7036,12507,1732,321,11589,0
2026-04-17T16:31:57,15748,3251,7025,12496,1732,321,11589,0
2026-04-17T16:31:58,15748,3240,7036,12508,1732,321,11589,0
2026-04-17T16:31:59,15748,3219,7057,12528,1732,321,11589,0
2026-04-17T16:32:00,15748,3239,7037,12508,1732,321,11589,0
2026-04-17T16:32:01,15748,3237,7039,12510,1732,321,11589,0
2026-04-17T16:32:02,15748,3232,7044,12516,1732,321,11589,0
2026-04-17T16:32:03,15748,3219,7057,12528,1732,321,11589,0
2026-04-17T16:32:04,15748,3218,7058,12529,1732,321,11589,0
2026-04-17T16:32:05,15748,3215,7061,12532,1732,321,11589,0
2026-04-17T16:32:06,15748,3206,7070,12541,1732,321,11589,0
2026-04-17T16:32:07,15748,3203,7073,12544,1732,321,11589,0
2026-04-17T16:32:08,15748,3212,7064,12535,1732,321,11589,0
2026-04-17T16:32:09,15748,3225,7051,12522,1732,321,11589,0
2026-04-17T16:32:11,15748,3233,7042,12514,1732,321,11589,0
2026-04-17T16:32:12,15748,3225,7051,12522,1732,321,11589,0
2026-04-17T16:32:13,15748,3213,7063,12534,1732,321,11589,0
2026-04-17T16:32:14,15748,3206,7070,12541,1732,321,11589,0
2026-04-17T16:32:15,15748,3220,7053,12527,1732,321,11589,0
2026-04-17T16:32:16,15748,3234,7038,12513,1732,321,11589,0
2026-04-17T16:32:17,15748,3232,7040,12515,1732,321,11589,0
2026-04-17T16:32:18,15748,3237,7035,12510,1732,321,11589,0
2026-04-17T16:32:19,15748,3240,7032,12507,1732,321,11589,0
2026-04-17T16:32:20,15748,3233,7039,12514,1732,321,11589,0
2026-04-17T16:32:21,15748,3226,7046,12521,1732,321,11589,0
2026-04-17T16:32:22,15748,3217,7055,12531,1732,321,11589,0
2026-04-17T16:32:23,15748,3219,7053,12528,1732,321,11589,0
2026-04-17T16:32:24,15748,3222,7050,12525,1732,321,11589,0
2026-04-17T16:32:25,15748,3222,7050,12525,1732,321,11589,0
2026-04-17T16:32:27,15748,3220,7052,12527,1732,321,11589,0
2026-04-17T16:32:28,15748,3243,7029,12504,1732,321,11589,0
2026-04-17T16:32:29,15748,3238,7034,12509,1732,321,11589,0
2026-04-17T16:32:30,15748,3230,7041,12517,1732,321,11589,0
2026-04-17T16:32:31,15748,3229,7043,12519,1732,321,11589,0
2026-04-17T16:32:32,15748,3220,7051,12527,1732,321,11589,0
2026-04-17T16:32:33,15748,3228,7044,12519,1732,321,11589,0
2026-04-17T16:32:34,15748,3230,7042,12517,1732,321,11589,0
2026-04-17T16:32:35,15748,3250,7022,12497,1732,321,11589,0
2026-04-17T16:32:36,15748,3235,7036,12512,1732,321,11589,0
2026-04-17T16:32:37,15748,3447,6825,12300,1732,321,11589,0
2026-04-17T16:32:38,15748,3470,6802,12277,1732,321,11589,0
2026-04-17T16:32:39,15748,3476,6795,12271,1732,321,11589,0
2026-04-17T16:32:40,15748,3528,6744,12220,1732,321,11589,0
2026-04-17T16:32:41,15748,3521,6751,12227,1732,321,11589,0
2026-04-17T16:32:43,15748,3501,6771,12246,1732,321,11589,0
2026-04-17T16:32:44,15748,3483,6789,12264,1732,321,11589,0
2026-04-17T16:32:45,15748,3460,6812,12287,1732,321,11589,0
2026-04-17T16:32:46,15748,3441,6831,12306,1732,321,11589,0
2026-04-17T16:32:47,15748,3477,6795,12270,1732,321,11589,0
2026-04-17T16:32:48,15748,3485,6786,12261,1732,321,11589,0
2026-04-17T16:32:49,15748,3479,6793,12269,1732,321,11589,0
2026-04-17T16:32:50,15748,3489,6783,12258,1732,321,11589,0
2026-04-17T16:32:51,15748,3468,6803,12279,1732,321,11589,0
2026-04-17T16:32:52,15748,3449,6823,12298,1732,321,11589,0
2026-04-17T16:32:53,15748,3442,6830,12305,1732,321,11589,0
2026-04-17T16:32:54,15748,3446,6826,12301,1732,321,11589,0
2026-04-17T16:32:55,15748,3438,6834,12309,1732,321,11589,0
2026-04-17T16:32:56,15748,3442,6830,12305,1732,321,11589,0
2026-04-17T16:32:57,15748,3436,6836,12311,1732,321,11589,0
2026-04-17T16:32:58,15748,3426,6846,12321,1732,321,11589,0
2026-04-17T16:33:00,15748,3420,6852,12327,1732,321,11589,0
2026-04-17T16:33:01,15748,3421,6851,12327,1732,321,11589,0
2026-04-17T16:33:02,15748,3416,6856,12331,1732,321,11589,0
2026-04-17T16:33:03,15748,3427,6845,12320,1732,321,11589,0
2026-04-17T16:33:04,15748,3426,6846,12321,1732,321,11589,0
2026-04-17T16:33:05,15748,3431,6841,12317,1732,321,11589,0
2026-04-17T16:33:06,15748,3412,6859,12335,1730,321,11589,0
2026-04-17T16:33:07,15748,3419,6852,12328,1728,321,11589,0
2026-04-17T16:33:08,15748,3425,6846,12322,1728,321,11589,0
2026-04-17T16:33:09,15748,3471,6792,12276,1725,321,11589,0
2026-04-17T16:33:10,15748,3509,6733,12239,1722,321,11589,0
2026-04-17T16:33:11,15748,3600,6606,12147,1722,321,11589,0
2026-04-17T16:33:12,15748,3684,6513,12064,1719,321,11589,0
2026-04-17T16:33:13,15748,3650,6452,12097,1710,321,11589,0
2026-04-17T16:33:14,15748,3517,6519,12230,1709,321,11589,0
2026-04-17T16:33:16,15748,3540,6496,12207,1709,321,11589,0
2026-04-17T16:33:17,15748,3493,6543,12254,1709,321,11589,0
2026-04-17T16:33:18,15748,3495,6541,12252,1709,321,11589,0
2026-04-17T16:33:19,15748,3488,6548,12259,1709,321,11589,0
2026-04-17T16:33:20,15748,3506,6530,12241,1709,321,11589,0
2026-04-17T16:33:21,15748,3525,6511,12222,1709,321,11589,0
2026-04-17T16:33:22,15748,3561,6474,12186,1699,321,11589,0
