timestamp,mem_total_mb,mem_used_mb,mem_free_mb,mem_available_mb,swap_used_mb,gpu_used_mib,gpu_free_mib,gpu_util_pct
2026-04-17T17:11:13,15748,2931,7569,12816,1792,321,11589,0
2026-04-17T17:11:14,15748,2943,7557,12804,1792,321,11589,0
2026-04-17T17:11:15,15748,3006,7494,12741,1792,321,11589,0
2026-04-17T17:11:16,15748,3133,7366,12613,1792,321,11589,0
2026-04-17T17:11:17,15748,3143,7357,12605,1792,321,11589,0
2026-04-17T17:11:18,15748,3159,7340,12588,1792,321,11589,0
2026-04-17T17:11:19,15748,3168,7331,12579,1792,321,11589,0
2026-04-17T17:11:20,15748,3190,7310,12557,1792,321,11589,0
2026-04-17T17:11:21,15748,3188,7312,12559,1792,321,11589,0
2026-04-17T17:11:22,15748,3186,7313,12561,1792,321,11589,0
2026-04-17T17:11:23,15748,3202,7298,12545,1792,321,11589,0
2026-04-17T17:11:24,15748,3189,7310,12558,1792,321,11589,0
2026-04-17T17:11:25,15748,3444,7055,12303,1792,321,11589,0
2026-04-17T17:11:26,15748,3634,6865,12112,1792,324,11586,0
2026-04-17T17:11:27,15748,5160,5339,10587,1792,1001,10909,0
2026-04-17T17:11:28,15748,5662,4837,10085,1792,1001,10909,0
2026-04-17T17:11:29,15748,4932,5567,10815,1792,2815,9095,0
2026-04-17T17:11:30,15748,5700,4799,10047,1792,2815,9095,0
2026-04-17T17:11:31,15748,6818,3681,8921,1792,2815,9095,0
2026-04-17T17:11:32,15748,8173,2326,7574,1792,2815,9095,0
2026-04-17T17:11:33,15748,10505,218,5241,1822,2815,9095,5
2026-04-17T17:11:34,15748,7538,3184,8209,1822,5307,6603,97
2026-04-17T17:11:35,15748,7686,3037,8061,1822,6221,5689,95
2026-04-17T17:11:37,15748,7765,2957,7982,1822,6387,5523,99
2026-04-17T17:11:38,15748,7908,2814,7839,1822,6637,5273,100
2026-04-17T17:11:39,15748,8045,2678,7702,1822,6723,5187,100
2026-04-17T17:11:40,15748,8136,2586,7611,1822,6725,5185,100
2026-04-17T17:11:41,15748,8239,2484,7508,1822,6975,4935,96
2026-04-17T17:11:42,15748,8349,2374,7398,1822,7063,4847,95
2026-04-17T17:11:43,15748,8324,2398,7422,1822,7231,4679,99
2026-04-17T17:11:44,15748,8436,2286,7311,1822,7399,4511,99
2026-04-17T17:11:45,15748,8507,2215,7240,1822,7483,4427,100
2026-04-17T17:11:46,15748,8571,2151,7176,1822,7571,4339,100
2026-04-17T17:11:47,15748,8580,2142,7167,1822,7575,4335,100
2026-04-17T17:11:48,15748,8574,2148,7173,1822,7661,4249,98
2026-04-17T17:11:49,15748,8604,2119,7144,1822,7697,4213,98
2026-04-17T17:11:50,15748,8617,2105,7130,1822,7697,4213,99
2026-04-17T17:11:51,15748,8614,2108,7133,1822,7697,4213,100
2026-04-17T17:11:52,15748,8611,2111,7136,1822,7697,4213,100
2026-04-17T17:11:53,15748,8617,2106,7130,1822,7779,4131,100
2026-04-17T17:11:54,15748,8624,2099,7123,1822,7779,4131,98
2026-04-17T17:11:55,15748,8617,2106,7130,1822,7779,4131,98
2026-04-17T17:11:56,15748,8601,2121,7146,1822,7779,4131,99
2026-04-17T17:11:57,15748,8619,2103,7128,1822,7893,4017,100
2026-04-17T17:11:58,15748,8622,2101,7125,1822,7893,4017,100
2026-04-17T17:11:59,15748,8631,2091,7116,1822,7893,4017,100
2026-04-17T17:12:00,15748,8608,2115,7139,1822,7893,4017,100
2026-04-17T17:12:01,15748,8593,2129,7154,1822,7893,4017,98
2026-04-17T17:12:02,15748,8595,2128,7152,1822,7893,4017,99
2026-04-17T17:12:03,15748,8594,2128,7153,1822,7975,3935,99
2026-04-17T17:12:04,15748,8593,2129,7154,1822,8007,3903,100
2026-04-17T17:12:05,15748,8578,2144,7169,1822,8007,3903,100
2026-04-17T17:12:06,15748,8586,2137,7162,1822,8007,3903,100
2026-04-17T17:12:07,15748,8584,2139,7163,1822,8007,3903,100
2026-04-17T17:12:08,15748,8596,2127,7152,1822,8089,3821,98
2026-04-17T17:12:09,15748,8584,2138,7163,1822,8089,3821,99
2026-04-17T17:12:10,15748,8591,2132,7156,1822,8171,3739,100
2026-04-17T17:12:11,15748,8562,2160,7185,1822,8203,3707,100
2026-04-17T17:12:12,15748,8566,2156,7181,1822,8203,3707,100
2026-04-17T17:12:13,15748,8575,2147,7172,1822,8203,3707,100
2026-04-17T17:12:14,15748,8578,2145,7169,1822,8203,3707,98
2026-04-17T17:12:15,15748,8582,2140,7165,1822,8203,3707,99
2026-04-17T17:12:16,15748,8581,2142,7167,1822,8203,3707,99
2026-04-17T17:12:17,15748,8586,2137,7161,1822,8203,3707,100
2026-04-17T17:12:18,15748,8562,2160,7186,1822,8285,3625,100
2026-04-17T17:12:19,15748,8572,2150,7175,1822,8317,3593,100
2026-04-17T17:12:20,15748,8560,2162,7187,1822,8479,3431,98
2026-04-17T17:12:22,15748,8573,2149,7174,1822,8479,3431,98
2026-04-17T17:12:23,15748,8565,2157,7182,1822,8479,3431,99
2026-04-17T17:12:24,15748,8578,2144,7169,1822,8479,3431,100
2026-04-17T17:12:25,15748,8592,2130,7155,1822,8479,3431,100
2026-04-17T17:12:26,15748,8593,2129,7154,1822,8479,3431,100
2026-04-17T17:12:27,15748,8600,2122,7147,1822,8511,3399,100
2026-04-17T17:12:28,15748,8586,2137,7161,1822,8673,3237,98
2026-04-17T17:12:29,15748,8590,2133,7158,1822,8673,3237,98
2026-04-17T17:12:30,15748,8597,2126,7151,1822,8673,3237,99
2026-04-17T17:12:31,15748,8603,2119,7144,1822,8673,3237,100
2026-04-17T17:12:32,15748,8617,2105,7130,1822,8673,3237,100
2026-04-17T17:12:33,15748,8626,2096,7121,1822,8673,3237,100
2026-04-17T17:12:34,15748,8614,2108,7133,1822,8705,3205,98
2026-04-17T17:12:35,15748,8603,2119,7144,1822,8705,3205,100
2026-04-17T17:12:36,15748,8615,2107,7132,1822,8705,3205,99
2026-04-17T17:12:37,15748,8596,2126,7151,1822,8705,3205,100
2026-04-17T17:12:38,15748,8603,2119,7144,1822,8705,3205,100
2026-04-17T17:12:39,15748,8598,2125,7150,1822,8705,3205,100
2026-04-17T17:12:40,15748,8592,2131,7155,1822,8705,3205,100
2026-04-17T17:12:41,15748,8592,2130,7155,1822,8819,3091,98
2026-04-17T17:12:42,15748,8601,2122,7146,1822,8901,3009,99
2026-04-17T17:12:43,15748,8596,2126,7151,1822,9063,2847,98
2026-04-17T17:12:44,15748,8596,2126,7151,1822,9063,2847,100
2026-04-17T17:12:45,15748,8610,2112,7137,1822,9063,2847,100
2026-04-17T17:12:46,15748,8631,2092,7117,1822,9063,2847,100
2026-04-17T17:12:47,15748,8618,2105,7129,1822,9063,2847,98
2026-04-17T17:12:48,15748,8614,2109,7133,1822,9063,2847,98
2026-04-17T17:12:49,15748,8616,2107,7131,1822,9095,2815,99
2026-04-17T17:12:50,15748,8606,2116,7141,1822,9257,2653,99
2026-04-17T17:12:51,15748,8622,2100,7125,1822,9257,2653,100
2026-04-17T17:12:52,15748,8607,2116,7141,1822,9257,2653,100
2026-04-17T17:12:53,15748,8606,2116,7141,1822,9257,2653,100
2026-04-17T17:12:54,15748,8594,2128,7154,1822,9257,2653,98
2026-04-17T17:12:55,15748,8580,2142,7167,1822,9257,2653,99
2026-04-17T17:12:56,15748,8580,2143,7167,1822,9289,2621,100
2026-04-17T17:12:57,15748,8589,2133,7158,1822,9451,2459,100
2026-04-17T17:12:58,15748,8601,2122,7146,1822,9451,2459,100
2026-04-17T17:12:59,15748,8610,2112,7137,1822,9451,2459,100
2026-04-17T17:13:00,15748,8585,2137,7162,1822,9451,2459,98
2026-04-17T17:13:01,15748,8582,2141,7165,1822,9451,2459,98
2026-04-17T17:13:02,15748,8584,2139,7164,1822,9451,2459,99
2026-04-17T17:13:03,15748,8593,2130,7156,1822,9483,2427,100
2026-04-17T17:13:05,15748,8568,2154,7180,1822,9645,2265,100
2026-04-17T17:13:06,15748,8558,2164,7189,1822,9645,2265,100
2026-04-17T17:13:07,15748,8576,2146,7171,1822,9645,2265,98
2026-04-17T17:13:08,15748,8581,2141,7166,1822,9645,2265,99
2026-04-17T17:13:09,15748,8742,1975,7005,1822,9665,2245,0
2026-04-17T17:13:10,15748,8766,1947,6981,1822,9665,2245,0
2026-04-17T17:13:11,15748,3217,7494,12530,1821,321,11589,0
2026-04-17T17:13:12,15748,3256,7455,12491,1821,321,11589,0
2026-04-17T17:13:13,15748,3246,7466,12501,1821,321,11589,0
2026-04-17T17:13:14,15748,3244,7468,12503,1821,321,11589,0
2026-04-17T17:13:15,15748,3238,7473,12509,1821,321,11589,0
2026-04-17T17:13:16,15748,3210,7501,12537,1821,321,11589,0
2026-04-17T17:13:17,15748,3209,7502,12538,1821,321,11589,0
2026-04-17T17:13:18,15748,3192,7519,12555,1821,321,11589,0
2026-04-17T17:13:19,15748,3186,7525,12561,1821,321,11589,0
2026-04-17T17:13:20,15748,3179,7533,12569,1821,321,11589,0
2026-04-17T17:13:21,15748,3161,7550,12586,1821,321,11589,0
2026-04-17T17:13:22,15748,3164,7547,12583,1821,321,11589,0
2026-04-17T17:13:23,15748,3171,7540,12576,1821,321,11589,0
2026-04-17T17:13:24,15748,3180,7532,12567,1821,321,11589,0
2026-04-17T17:13:25,15748,3171,7540,12578,1821,321,11589,0
2026-04-17T17:13:26,15748,3153,7558,12594,1821,321,11589,0
2026-04-17T17:13:27,15748,3154,7557,12593,1821,321,11589,0
2026-04-17T17:13:29,15748,3129,7582,12618,1821,321,11589,0
2026-04-17T17:13:30,15748,3130,7581,12617,1821,321,11589,0
2026-04-17T17:13:31,15748,3125,7586,12622,1821,321,11589,0
2026-04-17T17:13:32,15748,3146,7566,12602,1821,321,11589,0
2026-04-17T17:13:33,15748,3137,7574,12610,1821,321,11589,0
2026-04-17T17:13:34,15748,3137,7575,12610,1821,321,11589,0
2026-04-17T17:13:35,15748,3131,7581,12616,1821,321,11589,0
2026-04-17T17:13:36,15748,3140,7571,12607,1821,321,11589,0
2026-04-17T17:13:37,15748,3140,7571,12607,1821,321,11589,0
2026-04-17T17:13:38,15748,3129,7582,12618,1821,321,11589,0
2026-04-17T17:13:39,15748,3130,7582,12618,1821,321,11589,0
2026-04-17T17:13:40,15748,3139,7572,12608,1821,321,11589,0
2026-04-17T17:13:41,15748,3155,7556,12592,1821,321,11589,0
2026-04-17T17:13:42,15748,3146,7565,12601,1821,321,11589,0
2026-04-17T17:13:43,15748,3146,7566,12602,1821,321,11589,0
2026-04-17T17:13:44,15748,3153,7559,12595,1821,321,11589,0
2026-04-17T17:13:45,15748,3153,7558,12594,1821,321,11589,0
2026-04-17T17:13:46,15748,3149,7562,12600,1821,321,11589,0
2026-04-17T17:13:47,15748,3118,7593,12629,1821,321,11589,0
2026-04-17T17:13:49,15748,3119,7592,12628,1821,321,11589,0
2026-04-17T17:13:50,15748,3121,7591,12626,1821,321,11589,0
2026-04-17T17:13:51,15748,3126,7585,12621,1821,321,11589,0
2026-04-17T17:13:52,15748,3135,7576,12613,1821,321,11589,0
2026-04-17T17:13:53,15748,3129,7582,12618,1821,321,11589,0
2026-04-17T17:13:54,15748,3126,7585,12621,1821,321,11589,0
2026-04-17T17:13:55,15748,3125,7586,12622,1821,321,11589,0
2026-04-17T17:13:56,15748,3126,7585,12621,1821,321,11589,0
2026-04-17T17:13:57,15748,3129,7582,12618,1821,321,11589,0
2026-04-17T17:13:58,15748,3128,7583,12619,1821,321,11589,0
2026-04-17T17:13:59,15748,3113,7598,12634,1821,321,11589,0
2026-04-17T17:14:00,15748,3127,7584,12620,1821,321,11589,0
2026-04-17T17:14:01,15748,3117,7594,12630,1821,321,11589,0
2026-04-17T17:14:02,15748,3130,7581,12617,1821,321,11589,0
2026-04-17T17:14:03,15748,3122,7589,12625,1821,321,11589,0
2026-04-17T17:14:04,15748,3128,7584,12620,1821,321,11589,0
2026-04-17T17:14:05,15748,3126,7585,12621,1821,321,11589,0
2026-04-17T17:14:06,15748,3116,7595,12632,1821,321,11589,0
2026-04-17T17:14:07,15748,3117,7594,12631,1821,321,11589,0
2026-04-17T17:14:08,15748,3114,7597,12633,1821,321,11589,0
2026-04-17T17:14:10,15748,3120,7591,12627,1821,321,11589,0
2026-04-17T17:14:11,15748,3118,7593,12629,1821,321,11589,0
2026-04-17T17:14:12,15748,3113,7598,12634,1821,321,11589,0
2026-04-17T17:14:13,15748,3115,7596,12632,1821,321,11589,0
2026-04-17T17:14:14,15748,3122,7589,12625,1821,321,11589,0
2026-04-17T17:14:15,15748,3120,7592,12627,1821,321,11589,0
2026-04-17T17:14:16,15748,3124,7587,12623,1821,321,11589,0
2026-04-17T17:14:17,15748,3123,7588,12624,1821,321,11589,0
2026-04-17T17:14:18,15748,3099,7612,12648,1821,321,11589,0
2026-04-17T17:14:19,15748,3098,7613,12649,1821,321,11589,0
2026-04-17T17:14:20,15748,3094,7617,12653,1821,321,11589,0
2026-04-17T17:14:21,15748,3096,7616,12652,1821,321,11589,0
2026-04-17T17:14:22,15748,3104,7607,12643,1821,321,11589,0
2026-04-17T17:14:23,15748,3104,7607,12643,1821,321,11589,0
2026-04-17T17:14:24,15748,3117,7594,12630,1821,321,11589,0
